<?xml version="1.0" encoding="UTF-8"?>
<testng-results skipped="0" failed="0" total="2" passed="2">
  <reporter-output>
  </reporter-output>
  <suite name="Default suite" duration-ms="8469" started-at="2017-02-14T06:19:14Z" finished-at="2017-02-14T06:19:23Z">
    <groups>
    </groups>
    <test name="Default test" duration-ms="8469" started-at="2017-02-14T06:19:14Z" finished-at="2017-02-14T06:19:23Z">
      <class name="com.test.Abc">
        <test-method status="PASS" signature="setUp()[pri:0, instance:com.test.Abc@6adca536]" name="setUp" is-config="true" duration-ms="4484" started-at="2017-02-14T14:19:14Z" finished-at="2017-02-14T14:19:19Z">
          <reporter-output>
          </reporter-output>
        </test-method> <!-- setUp -->
        <test-method status="PASS" signature="testCase()[pri:1, instance:com.test.Abc@6adca536]" name="testCase" duration-ms="2550" started-at="2017-02-14T14:19:19Z" finished-at="2017-02-14T14:19:21Z">
          <reporter-output>
          </reporter-output>
        </test-method> <!-- testCase -->
        <test-method status="PASS" signature="testAbac()[pri:2, instance:com.test.Abc@6adca536]" name="testAbac" duration-ms="1074" started-at="2017-02-14T14:19:21Z" finished-at="2017-02-14T14:19:22Z">
          <reporter-output>
          </reporter-output>
        </test-method> <!-- testAbac -->
        <test-method status="PASS" signature="tearDown()[pri:0, instance:com.test.Abc@6adca536]" name="tearDown" is-config="true" duration-ms="349" started-at="2017-02-14T14:19:22Z" finished-at="2017-02-14T14:19:23Z">
          <reporter-output>
          </reporter-output>
        </test-method> <!-- tearDown -->
      </class> <!-- com.test.Abc -->
    </test> <!-- Default test -->
  </suite> <!-- Default suite -->
</testng-results>
