<?xml version="1.0" encoding="UTF-8"?>
<testng-results skipped="0" failed="1" total="1" passed="0">
  <reporter-output>
  </reporter-output>
  <suite name="Default suite" duration-ms="935" started-at="2017-02-22T05:41:35Z" finished-at="2017-02-22T05:41:36Z">
    <groups>
    </groups>
    <test name="Default test" duration-ms="935" started-at="2017-02-22T05:41:35Z" finished-at="2017-02-22T05:41:36Z">
      <class name="appium.TestAppium">
        <test-method status="PASS" signature="beforeSuite()[pri:0, instance:appium.TestAppium@483bf400]" name="beforeSuite" is-config="true" duration-ms="13465" started-at="2017-02-22T13:41:22Z" finished-at="2017-02-22T13:41:35Z">
          <reporter-output>
          </reporter-output>
        </test-method> <!-- beforeSuite -->
        <test-method status="PASS" signature="beforeMethod()[pri:0, instance:appium.TestAppium@483bf400]" name="beforeMethod" is-config="true" duration-ms="0" started-at="2017-02-22T13:41:35Z" finished-at="2017-02-22T13:41:35Z">
          <reporter-output>
          </reporter-output>
        </test-method> <!-- beforeMethod -->
        <test-method status="FAIL" signature="test1()[pri:0, instance:appium.TestAppium@483bf400]" name="test1" duration-ms="919" started-at="2017-02-22T13:41:35Z" finished-at="2017-02-22T13:41:36Z">
          <exception class="org.openqa.selenium.NoSuchElementException">
            <message>
              <![CDATA[An element could not be located on the page using the given search parameters. (WARNING: The server did not provide any stacktrace information)
Command duration or timeout: 910 milliseconds
For documentation on this error, please visit: http://seleniumhq.org/exceptions/no_such_element.html
Build info: version: '2.42.2', revision: '6a6995d', time: '2014-06-03 17:42:30'
System info: host: 'DZ008', ip: '192.168.1.153', os.name: 'Windows 7', os.arch: 'amd64', os.version: '6.1', java.version: '1.8.0_31'
Driver info: io.appium.java_client.android.AndroidDriver
Capabilities [{app=C:\Users\user\workspace\appium\apps\ContactManager.apk, appPackage=com.example.android.contactmanager, networkConnectionEnabled=true, warnings={}, databaseEnabled=false, deviceName=538de0e2, platform=LINUX, appActivity=.ContactManager, desired={app=C:\Users\user\workspace\appium\apps\ContactManager.apk, appPackage=com.example.android.contactmanager, appActivity=.ContactManager, platformVersion=4.4.4, browserName=, sessionOverride=true, unicodeKeyboard=true, platformName=Android, deviceName=Android Emulator, resetKeyboard=false}, platformVersion=4.4.4, webStorageEnabled=false, locationContextEnabled=false, browserName=, takesScreenshot=true, javascriptEnabled=true, sessionOverride=true, unicodeKeyboard=true, platformName=Android, resetKeyboard=false}]
Session ID: b0476a25-82e2-476c-a783-4ad9a251441b]]>
            </message>
            <full-stacktrace>
              <![CDATA[org.openqa.selenium.NoSuchElementException: An element could not be located on the page using the given search parameters. (WARNING: The server did not provide any stacktrace information)
Command duration or timeout: 910 milliseconds
For documentation on this error, please visit: http://seleniumhq.org/exceptions/no_such_element.html
Build info: version: '2.42.2', revision: '6a6995d', time: '2014-06-03 17:42:30'
System info: host: 'DZ008', ip: '192.168.1.153', os.name: 'Windows 7', os.arch: 'amd64', os.version: '6.1', java.version: '1.8.0_31'
Driver info: io.appium.java_client.android.AndroidDriver
Capabilities [{app=C:\Users\user\workspace\appium\apps\ContactManager.apk, appPackage=com.example.android.contactmanager, networkConnectionEnabled=true, warnings={}, databaseEnabled=false, deviceName=538de0e2, platform=LINUX, appActivity=.ContactManager, desired={app=C:\Users\user\workspace\appium\apps\ContactManager.apk, appPackage=com.example.android.contactmanager, appActivity=.ContactManager, platformVersion=4.4.4, browserName=, sessionOverride=true, unicodeKeyboard=true, platformName=Android, deviceName=Android Emulator, resetKeyboard=false}, platformVersion=4.4.4, webStorageEnabled=false, locationContextEnabled=false, browserName=, takesScreenshot=true, javascriptEnabled=true, sessionOverride=true, unicodeKeyboard=true, platformName=Android, resetKeyboard=false}]
Session ID: b0476a25-82e2-476c-a783-4ad9a251441b
	at sun.reflect.NativeConstructorAccessorImpl.newInstance0(Native Method)
	at sun.reflect.NativeConstructorAccessorImpl.newInstance(Unknown Source)
	at sun.reflect.DelegatingConstructorAccessorImpl.newInstance(Unknown Source)
	at java.lang.reflect.Constructor.newInstance(Unknown Source)
	at org.openqa.selenium.remote.ErrorHandler.createThrowable(ErrorHandler.java:204)
	at org.openqa.selenium.remote.ErrorHandler.throwIfResponseFailed(ErrorHandler.java:156)
	at org.openqa.selenium.remote.RemoteWebDriver.execute(RemoteWebDriver.java:599)
	at io.appium.java_client.AppiumDriver.execute(AppiumDriver.java:180)
	at org.openqa.selenium.remote.RemoteWebDriver.findElement(RemoteWebDriver.java:352)
	at org.openqa.selenium.remote.RemoteWebDriver.findElementByClassName(RemoteWebDriver.java:433)
	at org.openqa.selenium.By$ByClassName.findElement(By.java:387)
	at org.openqa.selenium.remote.RemoteWebDriver.findElement(RemoteWebDriver.java:344)
	at appium.TestAppium.test1(TestAppium.java:77)
	at sun.reflect.NativeMethodAccessorImpl.invoke0(Native Method)
	at sun.reflect.NativeMethodAccessorImpl.invoke(Unknown Source)
	at sun.reflect.DelegatingMethodAccessorImpl.invoke(Unknown Source)
	at java.lang.reflect.Method.invoke(Unknown Source)
	at org.testng.internal.MethodInvocationHelper.invokeMethod(MethodInvocationHelper.java:85)
	at org.testng.internal.Invoker.invokeMethod(Invoker.java:639)
	at org.testng.internal.Invoker.invokeTestMethod(Invoker.java:816)
	at org.testng.internal.Invoker.invokeTestMethods(Invoker.java:1124)
	at org.testng.internal.TestMethodWorker.invokeTestMethods(TestMethodWorker.java:125)
	at org.testng.internal.TestMethodWorker.run(TestMethodWorker.java:108)
	at org.testng.TestRunner.privateRun(TestRunner.java:774)
	at org.testng.TestRunner.run(TestRunner.java:624)
	at org.testng.SuiteRunner.runTest(SuiteRunner.java:359)
	at org.testng.SuiteRunner.runSequentially(SuiteRunner.java:354)
	at org.testng.SuiteRunner.privateRun(SuiteRunner.java:312)
	at org.testng.SuiteRunner.run(SuiteRunner.java:261)
	at org.testng.SuiteRunnerWorker.runSuite(SuiteRunnerWorker.java:52)
	at org.testng.SuiteRunnerWorker.run(SuiteRunnerWorker.java:86)
	at org.testng.TestNG.runSuitesSequentially(TestNG.java:1215)
	at org.testng.TestNG.runSuitesLocally(TestNG.java:1140)
	at org.testng.TestNG.run(TestNG.java:1048)
	at org.testng.remote.RemoteTestNG.run(RemoteTestNG.java:112)
	at org.testng.remote.RemoteTestNG.initAndRun(RemoteTestNG.java:205)
	at org.testng.remote.RemoteTestNG.main(RemoteTestNG.java:176)
]]>
            </full-stacktrace>
          </exception> <!-- org.openqa.selenium.NoSuchElementException -->
          <reporter-output>
          </reporter-output>
        </test-method> <!-- test1 -->
        <test-method status="PASS" signature="afterMethod()[pri:0, instance:appium.TestAppium@483bf400]" name="afterMethod" is-config="true" duration-ms="1" started-at="2017-02-22T13:41:36Z" finished-at="2017-02-22T13:41:36Z">
          <reporter-output>
          </reporter-output>
        </test-method> <!-- afterMethod -->
        <test-method status="PASS" signature="afterSuite()[pri:0, instance:appium.TestAppium@483bf400]" name="afterSuite" is-config="true" duration-ms="751" started-at="2017-02-22T13:41:36Z" finished-at="2017-02-22T13:41:37Z">
          <reporter-output>
          </reporter-output>
        </test-method> <!-- afterSuite -->
      </class> <!-- appium.TestAppium -->
    </test> <!-- Default test -->
  </suite> <!-- Default suite -->
</testng-results>
