Updated file C:\Users\user\workspace\mytest\build.xml
Buildfile: C:\Users\user\workspace\mytest\build.xml

-check-env:
 [checkenv] Android SDK Tools Revision 25.2.2
 [checkenv] Installed at C:\Users\user\android-sdks

-build-setup:
[getbuildtools] Using latest Build Tools: 25.0.0
     [echo] Resolving Build Target for Demo...
[getuitarget] Project Target:   Android 7.1.1
[getuitarget] API level:        25
     [echo] ----------
     [echo] Creating output directories if needed...

-pre-compile:

compile:

-post-compile:

-dex:
      [dex] input: C:\Users\user\workspace\mytest\bin\classes
      [dex] Found Deleted Target File
      [dex] Converting compiled files and external libraries into C:\Users\user\workspace\mytest\bin\classes.dex...

-post-dex:

-jar:
      [jar] Building jar: C:\Users\user\workspace\mytest\bin\Demo.jar

-post-jar:

build:

BUILD SUCCESSFUL
Total time: 2 seconds
[100%] /data/local/tmp/Demo.jar
INSTRUMENTATION_STATUS: numtests=1

INSTRUMENTATION_STATUS: stream=

mytest.AllCase:

INSTRUMENTATION_STATUS: id=UiAutomatorTestRunner

INSTRUMENTATION_STATUS: test=checkForFlow

INSTRUMENTATION_STATUS: class=mytest.AllCase

INSTRUMENTATION_STATUS: current=1

INSTRUMENTATION_STATUS_CODE: 1

========美的家电========

INSTRUMENTATION_STATUS: numtests=1

INSTRUMENTATION_STATUS: stream=.

INSTRUMENTATION_STATUS: id=UiAutomatorTestRunner

INSTRUMENTATION_STATUS: test=checkForFlow

INSTRUMENTATION_STATUS: class=mytest.AllCase

INSTRUMENTATION_STATUS: current=1

INSTRUMENTATION_STATUS_CODE: 0

INSTRUMENTATION_STATUS: stream=

Test results for WatcherResultPrinter=.

Time: 89.631



OK (1 test)





INSTRUMENTATION_STATUS_CODE: -1

Updated file C:\Users\user\workspace\mytest\build.xml
Buildfile: C:\Users\user\workspace\mytest\build.xml

-check-env:
 [checkenv] Android SDK Tools Revision 25.2.2
 [checkenv] Installed at C:\Users\user\android-sdks

-build-setup:
[getbuildtools] Using latest Build Tools: 25.0.0
     [echo] Resolving Build Target for Demo...
[getuitarget] Project Target:   Android 7.1.1
[getuitarget] API level:        25
     [echo] ----------
     [echo] Creating output directories if needed...
    [mkdir] Created dir: C:\Users\user\workspace\mytest\bin\classes

-pre-compile:

compile:
    [javac] Compiling 16 source files to C:\Users\user\workspace\mytest\bin\classes
    [javac] ����: [options] Դֵ1.5�ѹ�ʱ, ����δ�����з��а���ɾ��
    [javac] ����: [options] Ŀ��ֵ1.5�ѹ�ʱ, ����δ�����з��а���ɾ��
    [javac] ����: [options] Ҫ�����й��ѹ�ʱѡ��ľ���, ��ʹ�� -Xlint:-options��
    [javac] ע: ĳЩ�����ļ�ʹ�û򸲸����ѹ�ʱ�� API��
    [javac] ע: �й���ϸ��Ϣ, ��ʹ�� -Xlint:deprecation ���±��롣
    [javac] ע: C:\Users\user\workspace\mytest\src\com\beetstra\jutf7\CharsetProvider.javaʹ����δ�����򲻰�ȫ�Ĳ�����
    [javac] ע: �й���ϸ��Ϣ, ��ʹ�� -Xlint:unchecked ���±��롣
    [javac] 3 ������

-post-compile:

-dex:
      [dex] input: C:\Users\user\workspace\mytest\bin\classes
      [dex] Converting compiled files and external libraries into C:\Users\user\workspace\mytest\bin\classes.dex...

-post-dex:

-jar:
      [jar] Building jar: C:\Users\user\workspace\mytest\bin\Demo.jar

-post-jar:

build:

BUILD SUCCESSFUL
Total time: 3 seconds
[100%] /data/local/tmp/Demo.jar
Sorry,can`t find the Driver!

java.lang.ClassNotFoundException: com.mysql.jdbc.Driver

	at java.lang.Class.classForName(Native Method)

	at java.lang.Class.forName(Class.java:251)

	at java.lang.Class.forName(Class.java:216)

	at mytest.ClassBase.getName(ClassBase.java:272)

	at com.android.uiautomator.testrunner.UiAutomatorTestRunner$WatcherResultPrinter.startTest(UiAutomatorTestRunner.java:279)

	at junit.framework.TestResult.startTest(TestResult.java:160)

	at junit.framework.TestResult.run(TestResult.java:112)

	at junit.framework.TestCase.run(TestCase.java:124)

	at com.android.uiautomator.testrunner.UiAutomatorTestRunner.start(UiAutomatorTestRunner.java:160)

	at com.android.uiautomator.testrunner.UiAutomatorTestRunner.run(UiAutomatorTestRunner.java:96)

	at com.android.commands.uiautomator.RunTestCommand.run(RunTestCommand.java:91)

	at com.android.commands.uiautomator.Launcher.main(Launcher.java:83)

	at com.android.internal.os.RuntimeInit.nativeFinishInit(Native Method)

	at com.android.internal.os.RuntimeInit.main(RuntimeInit.java:243)

	at dalvik.system.NativeStart.main(Native Method)

Caused by: java.lang.NoClassDefFoundError: com/mysql/jdbc/Driver

	... 15 more

Caused by: java.lang.ClassNotFoundException: Didn't find class "com.mysql.jdbc.Driver" on path: DexPathList[[zip file "/system/framework/android.test.runner.jar", zip file "/system/framework/uiautomator.jar", zip file "/data/local/tmp/Demo.jar"],nativeLibraryDirectories=[/vendor/lib, /system/lib]]

	at dalvik.system.BaseDexClassLoader.findClass(BaseDexClassLoader.java:56)

	at java.lang.ClassLoader.loadClass(ClassLoader.java:497)

	at java.lang.ClassLoader.loadClass(ClassLoader.java:457)

	... 15 more

INSTRUMENTATION_STATUS: numtests=1

INSTRUMENTATION_STATUS: stream=

mytest.Test:

INSTRUMENTATION_STATUS: id=UiAutomatorTestRunner

INSTRUMENTATION_STATUS: test=

INSTRUMENTATION_STATUS: class=mytest.Test

INSTRUMENTATION_STATUS: current=1

INSTRUMENTATION_STATUS_CODE: 1

Sorry,can`t find the Driver!

java.lang.ClassNotFoundException: com.mysql.jdbc.Driver

	at java.lang.Class.classForName(Native Method)

	at java.lang.Class.forName(Class.java:251)

	at java.lang.Class.forName(Class.java:216)

	at mytest.ClassBase.getName(ClassBase.java:272)

	at mytest.Test.testTest(Test.java:12)

	at java.lang.reflect.Method.invokeNative(Native Method)

	at java.lang.reflect.Method.invoke(Method.java:515)

	at junit.framework.TestCase.runTest(TestCase.java:168)

	at junit.framework.TestCase.runBare(TestCase.java:134)

	at junit.framework.TestResult$1.protect(TestResult.java:115)

	at junit.framework.TestResult.runProtected(TestResult.java:133)

	at junit.framework.TestResult.run(TestResult.java:118)

	at junit.framework.TestCase.run(TestCase.java:124)

	at com.android.uiautomator.testrunner.UiAutomatorTestRunner.start(UiAutomatorTestRunner.java:160)

	at com.android.uiautomator.testrunner.UiAutomatorTestRunner.run(UiAutomatorTestRunner.java:96)

	at com.android.commands.uiautomator.RunTestCommand.run(RunTestCommand.java:91)

	at com.android.commands.uiautomator.Launcher.main(Launcher.java:83)

	at com.android.internal.os.RuntimeInit.nativeFinishInit(Native Method)

	at com.android.internal.os.RuntimeInit.main(RuntimeInit.java:243)

	at dalvik.system.NativeStart.main(Native Method)

Caused by: java.lang.NoClassDefFoundError: com/mysql/jdbc/Driver

	... 20 more

Caused by: java.lang.ClassNotFoundException: Didn't find class "com.mysql.jdbc.Driver" on path: DexPathList[[zip file "/system/framework/android.test.runner.jar", zip file "/system/framework/uiautomator.jar", zip file "/data/local/tmp/Demo.jar"],nativeLibraryDirectories=[/vendor/lib, /system/lib]]

	at dalvik.system.BaseDexClassLoader.findClass(BaseDexClassLoader.java:56)

	at java.lang.ClassLoader.loadClass(ClassLoader.java:497)

	at java.lang.ClassLoader.loadClass(ClassLoader.java:457)

	... 20 more

INSTRUMENTATION_STATUS: numtests=1

INSTRUMENTATION_STATUS: stream=.

INSTRUMENTATION_STATUS: id=UiAutomatorTestRunner

INSTRUMENTATION_STATUS: test=

INSTRUMENTATION_STATUS: class=mytest.Test

INSTRUMENTATION_STATUS: current=1

INSTRUMENTATION_STATUS_CODE: 0

INSTRUMENTATION_STATUS: stream=

Test results for WatcherResultPrinter=.

Time: 0.059



OK (1 test)





INSTRUMENTATION_STATUS_CODE: -1

Updated file C:\Users\user\workspace\mytest\build.xml
Buildfile: C:\Users\user\workspace\mytest\build.xml

-check-env:
 [checkenv] Android SDK Tools Revision 25.2.2
 [checkenv] Installed at C:\Users\user\android-sdks

-build-setup:
[getbuildtools] Using latest Build Tools: 25.0.0
     [echo] Resolving Build Target for Demo...
[getuitarget] Project Target:   Android 7.1.1
[getuitarget] API level:        25
     [echo] ----------
     [echo] Creating output directories if needed...

-pre-compile:

compile:
    [javac] Compiling 1 source file to C:\Users\user\workspace\mytest\bin\classes
    [javac] ����: [options] Դֵ1.5�ѹ�ʱ, ����δ�����з��а���ɾ��
    [javac] ����: [options] Ŀ��ֵ1.5�ѹ�ʱ, ����δ�����з��а���ɾ��
    [javac] ����: [options] Ҫ�����й��ѹ�ʱѡ��ľ���, ��ʹ�� -Xlint:-options��
    [javac] ע: C:\Users\user\workspace\mytest\src\mytest\ClassBase.javaʹ�û򸲸����ѹ�ʱ�� API��
    [javac] ע: �й���ϸ��Ϣ, ��ʹ�� -Xlint:deprecation ���±��롣
    [javac] 3 ������

-post-compile:

-dex:
      [dex] input: C:\Users\user\workspace\mytest\bin\classes
      [dex] Found Deleted Target File
      [dex] Converting compiled files and external libraries into C:\Users\user\workspace\mytest\bin\classes.dex...

-post-dex:

-jar:
      [jar] Building jar: C:\Users\user\workspace\mytest\bin\Demo.jar

-post-jar:

build:

BUILD SUCCESSFUL
Total time: 1 second
[100%] /data/local/tmp/Demo.jar
Sorry,can`t find the Driver!

java.lang.ClassNotFoundException: com.mysql.jdbc.Driver

	at java.lang.Class.classForName(Native Method)

	at java.lang.Class.forName(Class.java:251)

	at java.lang.Class.forName(Class.java:216)

	at mytest.ClassBase.getName(ClassBase.java:272)

	at com.android.uiautomator.testrunner.UiAutomatorTestRunner$WatcherResultPrinter.startTest(UiAutomatorTestRunner.java:279)

	at junit.framework.TestResult.startTest(TestResult.java:160)

	at junit.framework.TestResult.run(TestResult.java:112)

	at junit.framework.TestCase.run(TestCase.java:124)

	at com.android.uiautomator.testrunner.UiAutomatorTestRunner.start(UiAutomatorTestRunner.java:160)

	at com.android.uiautomator.testrunner.UiAutomatorTestRunner.run(UiAutomatorTestRunner.java:96)

	at com.android.commands.uiautomator.RunTestCommand.run(RunTestCommand.java:91)

	at com.android.commands.uiautomator.Launcher.main(Launcher.java:83)

	at com.android.internal.os.RuntimeInit.nativeFinishInit(Native Method)

	at com.android.internal.os.RuntimeInit.main(RuntimeInit.java:243)

	at dalvik.system.NativeStart.main(Native Method)

Caused by: java.lang.NoClassDefFoundError: com/mysql/jdbc/Driver

	... 15 more

Caused by: java.lang.ClassNotFoundException: Didn't find class "com.mysql.jdbc.Driver" on path: DexPathList[[zip file "/system/framework/android.test.runner.jar", zip file "/system/framework/uiautomator.jar", zip file "/data/local/tmp/Demo.jar"],nativeLibraryDirectories=[/vendor/lib, /system/lib]]

	at dalvik.system.BaseDexClassLoader.findClass(BaseDexClassLoader.java:56)

	at java.lang.ClassLoader.loadClass(ClassLoader.java:497)

	at java.lang.ClassLoader.loadClass(ClassLoader.java:457)

	... 15 more

INSTRUMENTATION_STATUS: numtests=1

INSTRUMENTATION_STATUS: stream=

mytest.Test:

INSTRUMENTATION_STATUS: id=UiAutomatorTestRunner

INSTRUMENTATION_STATUS: test=

INSTRUMENTATION_STATUS: class=mytest.Test

INSTRUMENTATION_STATUS: current=1

INSTRUMENTATION_STATUS_CODE: 1

Sorry,can`t find the Driver!

java.lang.ClassNotFoundException: com.mysql.jdbc.Driver

	at java.lang.Class.classForName(Native Method)

	at java.lang.Class.forName(Class.java:251)

	at java.lang.Class.forName(Class.java:216)

	at mytest.ClassBase.getName(ClassBase.java:272)

	at mytest.Test.testTest(Test.java:12)

	at java.lang.reflect.Method.invokeNative(Native Method)

	at java.lang.reflect.Method.invoke(Method.java:515)

	at junit.framework.TestCase.runTest(TestCase.java:168)

	at junit.framework.TestCase.runBare(TestCase.java:134)

	at junit.framework.TestResult$1.protect(TestResult.java:115)

	at junit.framework.TestResult.runProtected(TestResult.java:133)

	at junit.framework.TestResult.run(TestResult.java:118)

	at junit.framework.TestCase.run(TestCase.java:124)

	at com.android.uiautomator.testrunner.UiAutomatorTestRunner.start(UiAutomatorTestRunner.java:160)

	at com.android.uiautomator.testrunner.UiAutomatorTestRunner.run(UiAutomatorTestRunner.java:96)

	at com.android.commands.uiautomator.RunTestCommand.run(RunTestCommand.java:91)

	at com.android.commands.uiautomator.Launcher.main(Launcher.java:83)

	at com.android.internal.os.RuntimeInit.nativeFinishInit(Native Method)

	at com.android.internal.os.RuntimeInit.main(RuntimeInit.java:243)

	at dalvik.system.NativeStart.main(Native Method)

Caused by: java.lang.NoClassDefFoundError: com/mysql/jdbc/Driver

	... 20 more

Caused by: java.lang.ClassNotFoundException: Didn't find class "com.mysql.jdbc.Driver" on path: DexPathList[[zip file "/system/framework/android.test.runner.jar", zip file "/system/framework/uiautomator.jar", zip file "/data/local/tmp/Demo.jar"],nativeLibraryDirectories=[/vendor/lib, /system/lib]]

	at dalvik.system.BaseDexClassLoader.findClass(BaseDexClassLoader.java:56)

	at java.lang.ClassLoader.loadClass(ClassLoader.java:497)

	at java.lang.ClassLoader.loadClass(ClassLoader.java:457)

	... 20 more

INSTRUMENTATION_STATUS: numtests=1

INSTRUMENTATION_STATUS: stream=.

INSTRUMENTATION_STATUS: id=UiAutomatorTestRunner

INSTRUMENTATION_STATUS: test=

INSTRUMENTATION_STATUS: class=mytest.Test

INSTRUMENTATION_STATUS: current=1

INSTRUMENTATION_STATUS_CODE: 0

INSTRUMENTATION_STATUS: stream=

Test results for WatcherResultPrinter=.

Time: 0.106



OK (1 test)





INSTRUMENTATION_STATUS_CODE: -1

Updated file C:\Users\user\workspace\mytest\build.xml
Buildfile: C:\Users\user\workspace\mytest\build.xml

-check-env:
 [checkenv] Android SDK Tools Revision 25.2.2
 [checkenv] Installed at C:\Users\user\android-sdks

-build-setup:
[getbuildtools] Using latest Build Tools: 25.0.0
     [echo] Resolving Build Target for Demo...
[getuitarget] Project Target:   Android 7.1.1
[getuitarget] API level:        25
     [echo] ----------
     [echo] Creating output directories if needed...

-pre-compile:

compile:
    [javac] Compiling 2 source files to C:\Users\user\workspace\mytest\bin\classes
    [javac] ����: [options] Դֵ1.5�ѹ�ʱ, ����δ�����з��а���ɾ��
    [javac] ����: [options] Ŀ��ֵ1.5�ѹ�ʱ, ����δ�����з��а���ɾ��
    [javac] ����: [options] Ҫ�����й��ѹ�ʱѡ��ľ���, ��ʹ�� -Xlint:-options��
    [javac] ע: ĳЩ�����ļ�ʹ�û򸲸����ѹ�ʱ�� API��
    [javac] ע: �й���ϸ��Ϣ, ��ʹ�� -Xlint:deprecation ���±��롣
    [javac] 3 ������

-post-compile:

-dex:
      [dex] input: C:\Users\user\workspace\mytest\bin\classes
      [dex] Found Deleted Target File
      [dex] Converting compiled files and external libraries into C:\Users\user\workspace\mytest\bin\classes.dex...

-post-dex:

-jar:
      [jar] Building jar: C:\Users\user\workspace\mytest\bin\Demo.jar

-post-jar:

build:

BUILD SUCCESSFUL
Total time: 2 seconds
[100%] /data/local/tmp/Demo.jar
Sorry,can`t find the Driver!

java.lang.ClassNotFoundException: com.mysql.jdbc.Driver

	at java.lang.Class.classForName(Native Method)

	at java.lang.Class.forName(Class.java:251)

	at java.lang.Class.forName(Class.java:216)

	at mytest.ClassBase.getName(ClassBase.java:272)

	at com.android.uiautomator.testrunner.UiAutomatorTestRunner$WatcherResultPrinter.startTest(UiAutomatorTestRunner.java:279)

	at junit.framework.TestResult.startTest(TestResult.java:160)

	at junit.framework.TestResult.run(TestResult.java:112)

	at junit.framework.TestCase.run(TestCase.java:124)

	at com.android.uiautomator.testrunner.UiAutomatorTestRunner.start(UiAutomatorTestRunner.java:160)

	at com.android.uiautomator.testrunner.UiAutomatorTestRunner.run(UiAutomatorTestRunner.java:96)

	at com.android.commands.uiautomator.RunTestCommand.run(RunTestCommand.java:91)

	at com.android.commands.uiautomator.Launcher.main(Launcher.java:83)

	at com.android.internal.os.RuntimeInit.nativeFinishInit(Native Method)

	at com.android.internal.os.RuntimeInit.main(RuntimeInit.java:243)

	at dalvik.system.NativeStart.main(Native Method)

Caused by: java.lang.NoClassDefFoundError: com/mysql/jdbc/Driver

	... 15 more

Caused by: java.lang.ClassNotFoundException: Didn't find class "com.mysql.jdbc.Driver" on path: DexPathList[[zip file "/system/framework/android.test.runner.jar", zip file "/system/framework/uiautomator.jar", zip file "/data/local/tmp/Demo.jar"],nativeLibraryDirectories=[/vendor/lib, /system/lib]]

	at dalvik.system.BaseDexClassLoader.findClass(BaseDexClassLoader.java:56)

	at java.lang.ClassLoader.loadClass(ClassLoader.java:497)

	at java.lang.ClassLoader.loadClass(ClassLoader.java:457)

	... 15 more

INSTRUMENTATION_STATUS: numtests=1

INSTRUMENTATION_STATUS: stream=

mytest.Test:

INSTRUMENTATION_STATUS: id=UiAutomatorTestRunner

INSTRUMENTATION_STATUS: test=

INSTRUMENTATION_STATUS: class=mytest.Test

INSTRUMENTATION_STATUS: current=1

INSTRUMENTATION_STATUS_CODE: 1

Sorry,can`t find the Driver!

java.lang.ClassNotFoundException: com.mysql.jdbc.Driver

	at java.lang.Class.classForName(Native Method)

	at java.lang.Class.forName(Class.java:251)

	at java.lang.Class.forName(Class.java:216)

	at mytest.ClassBase.getName(ClassBase.java:272)

	at mytest.Test.testTest(Test.java:11)

	at java.lang.reflect.Method.invokeNative(Native Method)

	at java.lang.reflect.Method.invoke(Method.java:515)

	at junit.framework.TestCase.runTest(TestCase.java:168)

	at junit.framework.TestCase.runBare(TestCase.java:134)

	at junit.framework.TestResult$1.protect(TestResult.java:115)

	at junit.framework.TestResult.runProtected(TestResult.java:133)

	at junit.framework.TestResult.run(TestResult.java:118)

	at junit.framework.TestCase.run(TestCase.java:124)

	at com.android.uiautomator.testrunner.UiAutomatorTestRunner.start(UiAutomatorTestRunner.java:160)

	at com.android.uiautomator.testrunner.UiAutomatorTestRunner.run(UiAutomatorTestRunner.java:96)

	at com.android.commands.uiautomator.RunTestCommand.run(RunTestCommand.java:91)

	at com.android.commands.uiautomator.Launcher.main(Launcher.java:83)

	at com.android.internal.os.RuntimeInit.nativeFinishInit(Native Method)

	at com.android.internal.os.RuntimeInit.main(RuntimeInit.java:243)

	at dalvik.system.NativeStart.main(Native Method)

Caused by: java.lang.NoClassDefFoundError: com/mysql/jdbc/Driver

	... 20 more

Caused by: java.lang.ClassNotFoundException: Didn't find class "com.mysql.jdbc.Driver" on path: DexPathList[[zip file "/system/framework/android.test.runner.jar", zip file "/system/framework/uiautomator.jar", zip file "/data/local/tmp/Demo.jar"],nativeLibraryDirectories=[/vendor/lib, /system/lib]]

	at dalvik.system.BaseDexClassLoader.findClass(BaseDexClassLoader.java:56)

	at java.lang.ClassLoader.loadClass(ClassLoader.java:497)

	at java.lang.ClassLoader.loadClass(ClassLoader.java:457)

	... 20 more

INSTRUMENTATION_STATUS: numtests=1

INSTRUMENTATION_STATUS: stream=.

INSTRUMENTATION_STATUS: id=UiAutomatorTestRunner

INSTRUMENTATION_STATUS: test=

INSTRUMENTATION_STATUS: class=mytest.Test

INSTRUMENTATION_STATUS: current=1

INSTRUMENTATION_STATUS_CODE: 0

INSTRUMENTATION_STATUS: stream=

Test results for WatcherResultPrinter=.

Time: 0.107



OK (1 test)





INSTRUMENTATION_STATUS_CODE: -1

Updated file C:\Users\user\workspace\mytest\build.xml
Buildfile: C:\Users\user\workspace\mytest\build.xml

-check-env:
 [checkenv] Android SDK Tools Revision 25.2.2
 [checkenv] Installed at C:\Users\user\android-sdks

-build-setup:
[getbuildtools] Using latest Build Tools: 25.0.0
     [echo] Resolving Build Target for Demo...
[getuitarget] Project Target:   Android 7.1.1
[getuitarget] API level:        25
     [echo] ----------
     [echo] Creating output directories if needed...

-pre-compile:

compile:
    [javac] Compiling 1 source file to C:\Users\user\workspace\mytest\bin\classes
    [javac] ����: [options] Դֵ1.5�ѹ�ʱ, ����δ�����з��а���ɾ��
    [javac] ����: [options] Ŀ��ֵ1.5�ѹ�ʱ, ����δ�����з��а���ɾ��
    [javac] ����: [options] Ҫ�����й��ѹ�ʱѡ��ľ���, ��ʹ�� -Xlint:-options��
    [javac] ע: C:\Users\user\workspace\mytest\src\mytest\Test.javaʹ�û򸲸����ѹ�ʱ�� API��
    [javac] ע: �й���ϸ��Ϣ, ��ʹ�� -Xlint:deprecation ���±��롣
    [javac] 3 ������

-post-compile:

-dex:
      [dex] input: C:\Users\user\workspace\mytest\bin\classes
      [dex] Found Deleted Target File
      [dex] Converting compiled files and external libraries into C:\Users\user\workspace\mytest\bin\classes.dex...

-post-dex:

-jar:
      [jar] Building jar: C:\Users\user\workspace\mytest\bin\Demo.jar

-post-jar:

build:

BUILD SUCCESSFUL
Total time: 1 second
[100%] /data/local/tmp/Demo.jar
Sorry,can`t find the Driver!

java.lang.ClassNotFoundException: com.mysql.jdbc.Driver

	at java.lang.Class.classForName(Native Method)

	at java.lang.Class.forName(Class.java:251)

	at java.lang.Class.forName(Class.java:216)

	at mytest.ClassBase.getName(ClassBase.java:272)

	at com.android.uiautomator.testrunner.UiAutomatorTestRunner$WatcherResultPrinter.startTest(UiAutomatorTestRunner.java:279)

	at junit.framework.TestResult.startTest(TestResult.java:160)

	at junit.framework.TestResult.run(TestResult.java:112)

	at junit.framework.TestCase.run(TestCase.java:124)

	at com.android.uiautomator.testrunner.UiAutomatorTestRunner.start(UiAutomatorTestRunner.java:160)

	at com.android.uiautomator.testrunner.UiAutomatorTestRunner.run(UiAutomatorTestRunner.java:96)

	at com.android.commands.uiautomator.RunTestCommand.run(RunTestCommand.java:91)

	at com.android.commands.uiautomator.Launcher.main(Launcher.java:83)

	at com.android.internal.os.RuntimeInit.nativeFinishInit(Native Method)

	at com.android.internal.os.RuntimeInit.main(RuntimeInit.java:243)

	at dalvik.system.NativeStart.main(Native Method)

Caused by: java.lang.NoClassDefFoundError: com/mysql/jdbc/Driver

	... 15 more

Caused by: java.lang.ClassNotFoundException: Didn't find class "com.mysql.jdbc.Driver" on path: DexPathList[[zip file "/system/framework/android.test.runner.jar", zip file "/system/framework/uiautomator.jar", zip file "/data/local/tmp/Demo.jar"],nativeLibraryDirectories=[/vendor/lib, /system/lib]]

	at dalvik.system.BaseDexClassLoader.findClass(BaseDexClassLoader.java:56)

	at java.lang.ClassLoader.loadClass(ClassLoader.java:497)

	at java.lang.ClassLoader.loadClass(ClassLoader.java:457)

	... 15 more

INSTRUMENTATION_STATUS: numtests=1

INSTRUMENTATION_STATUS: stream=

mytest.Test:

INSTRUMENTATION_STATUS: id=UiAutomatorTestRunner

INSTRUMENTATION_STATUS: test=

INSTRUMENTATION_STATUS: class=mytest.Test

INSTRUMENTATION_STATUS: current=1

INSTRUMENTATION_STATUS_CODE: 1

Sorry,can`t find the Driver!

java.lang.ClassNotFoundException: com.mysql.jdbc.Driver

	at java.lang.Class.classForName(Native Method)

	at java.lang.Class.forName(Class.java:251)

	at java.lang.Class.forName(Class.java:216)

	at mytest.Test.testTest(Test.java:28)

	at java.lang.reflect.Method.invokeNative(Native Method)

	at java.lang.reflect.Method.invoke(Method.java:515)

	at junit.framework.TestCase.runTest(TestCase.java:168)

	at junit.framework.TestCase.runBare(TestCase.java:134)

	at junit.framework.TestResult$1.protect(TestResult.java:115)

	at junit.framework.TestResult.runProtected(TestResult.java:133)

	at junit.framework.TestResult.run(TestResult.java:118)

	at junit.framework.TestCase.run(TestCase.java:124)

	at com.android.uiautomator.testrunner.UiAutomatorTestRunner.start(UiAutomatorTestRunner.java:160)

	at com.android.uiautomator.testrunner.UiAutomatorTestRunner.run(UiAutomatorTestRunner.java:96)

	at com.android.commands.uiautomator.RunTestCommand.run(RunTestCommand.java:91)

	at com.android.commands.uiautomator.Launcher.main(Launcher.java:83)

	at com.android.internal.os.RuntimeInit.nativeFinishInit(Native Method)

	at com.android.internal.os.RuntimeInit.main(RuntimeInit.java:243)

	at dalvik.system.NativeStart.main(Native Method)

Caused by: java.lang.NoClassDefFoundError: com/mysql/jdbc/Driver

	... 19 more

Caused by: java.lang.ClassNotFoundException: Didn't find class "com.mysql.jdbc.Driver" on path: DexPathList[[zip file "/system/framework/android.test.runner.jar", zip file "/system/framework/uiautomator.jar", zip file "/data/local/tmp/Demo.jar"],nativeLibraryDirectories=[/vendor/lib, /system/lib]]

	at dalvik.system.BaseDexClassLoader.findClass(BaseDexClassLoader.java:56)

	at java.lang.ClassLoader.loadClass(ClassLoader.java:497)

	at java.lang.ClassLoader.loadClass(ClassLoader.java:457)

	... 19 more

INSTRUMENTATION_STATUS: numtests=1

INSTRUMENTATION_STATUS: stream=.

INSTRUMENTATION_STATUS: id=UiAutomatorTestRunner

INSTRUMENTATION_STATUS: test=

INSTRUMENTATION_STATUS: class=mytest.Test

INSTRUMENTATION_STATUS: current=1

INSTRUMENTATION_STATUS_CODE: 0

INSTRUMENTATION_STATUS: stream=

Test results for WatcherResultPrinter=.

Time: 0.108



OK (1 test)





INSTRUMENTATION_STATUS_CODE: -1

Updated file C:\Users\user\workspace\mytest\build.xml
Buildfile: C:\Users\user\workspace\mytest\build.xml

-check-env:
 [checkenv] Android SDK Tools Revision 25.2.2
 [checkenv] Installed at C:\Users\user\android-sdks

-build-setup:
[getbuildtools] Using latest Build Tools: 25.0.0
     [echo] Resolving Build Target for Demo...
[getuitarget] Project Target:   Android 7.1.1
[getuitarget] API level:        25
     [echo] ----------
     [echo] Creating output directories if needed...

-pre-compile:

compile:
    [javac] Compiling 1 source file to C:\Users\user\workspace\mytest\bin\classes
    [javac] ����: [options] Դֵ1.5�ѹ�ʱ, ����δ�����з��а���ɾ��
    [javac] ����: [options] Ŀ��ֵ1.5�ѹ�ʱ, ����δ�����з��а���ɾ��
    [javac] ����: [options] Ҫ�����й��ѹ�ʱѡ��ľ���, ��ʹ�� -Xlint:-options��
    [javac] ע: C:\Users\user\workspace\mytest\src\mytest\Test.javaʹ�û򸲸����ѹ�ʱ�� API��
    [javac] ע: �й���ϸ��Ϣ, ��ʹ�� -Xlint:deprecation ���±��롣
    [javac] 3 ������

-post-compile:

-dex:
      [dex] input: C:\Users\user\workspace\mytest\bin\classes
      [dex] Found Deleted Target File
      [dex] Converting compiled files and external libraries into C:\Users\user\workspace\mytest\bin\classes.dex...

-post-dex:

-jar:
      [jar] Building jar: C:\Users\user\workspace\mytest\bin\Demo.jar

-post-jar:

build:

BUILD SUCCESSFUL
Total time: 1 second
[100%] /data/local/tmp/Demo.jar
Sorry,can`t find the Driver!

java.lang.ClassNotFoundException: com.mysql.jdbc.Driver

	at java.lang.Class.classForName(Native Method)

	at java.lang.Class.forName(Class.java:251)

	at java.lang.Class.forName(Class.java:216)

	at mytest.ClassBase.getName(ClassBase.java:272)

	at com.android.uiautomator.testrunner.UiAutomatorTestRunner$WatcherResultPrinter.startTest(UiAutomatorTestRunner.java:279)

	at junit.framework.TestResult.startTest(TestResult.java:160)

	at junit.framework.TestResult.run(TestResult.java:112)

	at junit.framework.TestCase.run(TestCase.java:124)

	at com.android.uiautomator.testrunner.UiAutomatorTestRunner.start(UiAutomatorTestRunner.java:160)

	at com.android.uiautomator.testrunner.UiAutomatorTestRunner.run(UiAutomatorTestRunner.java:96)

	at com.android.commands.uiautomator.RunTestCommand.run(RunTestCommand.java:91)

	at com.android.commands.uiautomator.Launcher.main(Launcher.java:83)

	at com.android.internal.os.RuntimeInit.nativeFinishInit(Native Method)

	at com.android.internal.os.RuntimeInit.main(RuntimeInit.java:243)

	at dalvik.system.NativeStart.main(Native Method)

Caused by: java.lang.NoClassDefFoundError: com/mysql/jdbc/Driver

	... 15 more

Caused by: java.lang.ClassNotFoundException: Didn't find class "com.mysql.jdbc.Driver" on path: DexPathList[[zip file "/system/framework/android.test.runner.jar", zip file "/system/framework/uiautomator.jar", zip file "/data/local/tmp/Demo.jar"],nativeLibraryDirectories=[/vendor/lib, /system/lib]]

	at dalvik.system.BaseDexClassLoader.findClass(BaseDexClassLoader.java:56)

	at java.lang.ClassLoader.loadClass(ClassLoader.java:497)

	at java.lang.ClassLoader.loadClass(ClassLoader.java:457)

	... 15 more

INSTRUMENTATION_STATUS: numtests=1

INSTRUMENTATION_STATUS: stream=

mytest.Test:

INSTRUMENTATION_STATUS: id=UiAutomatorTestRunner

INSTRUMENTATION_STATUS: test=

INSTRUMENTATION_STATUS: class=mytest.Test

INSTRUMENTATION_STATUS: current=1

INSTRUMENTATION_STATUS_CODE: 1

========567========

INSTRUMENTATION_STATUS: numtests=1

INSTRUMENTATION_STATUS: stream=.

INSTRUMENTATION_STATUS: id=UiAutomatorTestRunner

INSTRUMENTATION_STATUS: test=

INSTRUMENTATION_STATUS: class=mytest.Test

INSTRUMENTATION_STATUS: current=1

INSTRUMENTATION_STATUS_CODE: 0

INSTRUMENTATION_STATUS: stream=

Test results for WatcherResultPrinter=.

Time: 0.093



OK (1 test)





INSTRUMENTATION_STATUS_CODE: -1

Updated file C:\Users\user\workspace\mytest\build.xml
Buildfile: C:\Users\user\workspace\mytest\build.xml

-check-env:
 [checkenv] Android SDK Tools Revision 25.2.2
 [checkenv] Installed at C:\Users\user\android-sdks

-build-setup:
[getbuildtools] Using latest Build Tools: 25.0.0
     [echo] Resolving Build Target for Demo...
[getuitarget] Project Target:   Android 7.1.1
[getuitarget] API level:        25
     [echo] ----------
     [echo] Creating output directories if needed...

-pre-compile:

compile:
    [javac] Compiling 1 source file to C:\Users\user\workspace\mytest\bin\classes
    [javac] ����: [options] Դֵ1.5�ѹ�ʱ, ����δ�����з��а���ɾ��
    [javac] ����: [options] Ŀ��ֵ1.5�ѹ�ʱ, ����δ�����з��а���ɾ��
    [javac] ����: [options] Ҫ�����й��ѹ�ʱѡ��ľ���, ��ʹ�� -Xlint:-options��
    [javac] ע: C:\Users\user\workspace\mytest\src\mytest\Test.javaʹ�û򸲸����ѹ�ʱ�� API��
    [javac] ע: �й���ϸ��Ϣ, ��ʹ�� -Xlint:deprecation ���±��롣
    [javac] 3 ������

-post-compile:

-dex:
      [dex] input: C:\Users\user\workspace\mytest\bin\classes
      [dex] Found Deleted Target File
      [dex] Converting compiled files and external libraries into C:\Users\user\workspace\mytest\bin\classes.dex...

-post-dex:

-jar:
      [jar] Building jar: C:\Users\user\workspace\mytest\bin\Demo.jar

-post-jar:

build:

BUILD SUCCESSFUL
Total time: 1 second
[100%] /data/local/tmp/Demo.jar
Sorry,can`t find the Driver!

java.lang.ClassNotFoundException: com.mysql.jdbc.Driver

	at java.lang.Class.classForName(Native Method)

	at java.lang.Class.forName(Class.java:251)

	at java.lang.Class.forName(Class.java:216)

	at mytest.ClassBase.getName(ClassBase.java:272)

	at com.android.uiautomator.testrunner.UiAutomatorTestRunner$WatcherResultPrinter.startTest(UiAutomatorTestRunner.java:279)

	at junit.framework.TestResult.startTest(TestResult.java:160)

	at junit.framework.TestResult.run(TestResult.java:112)

	at junit.framework.TestCase.run(TestCase.java:124)

	at com.android.uiautomator.testrunner.UiAutomatorTestRunner.start(UiAutomatorTestRunner.java:160)

	at com.android.uiautomator.testrunner.UiAutomatorTestRunner.run(UiAutomatorTestRunner.java:96)

	at com.android.commands.uiautomator.RunTestCommand.run(RunTestCommand.java:91)

	at com.android.commands.uiautomator.Launcher.main(Launcher.java:83)

	at com.android.internal.os.RuntimeInit.nativeFinishInit(Native Method)

	at com.android.internal.os.RuntimeInit.main(RuntimeInit.java:243)

	at dalvik.system.NativeStart.main(Native Method)

Caused by: java.lang.NoClassDefFoundError: com/mysql/jdbc/Driver

	... 15 more

Caused by: java.lang.ClassNotFoundException: Didn't find class "com.mysql.jdbc.Driver" on path: DexPathList[[zip file "/system/framework/android.test.runner.jar", zip file "/system/framework/uiautomator.jar", zip file "/data/local/tmp/Demo.jar"],nativeLibraryDirectories=[/vendor/lib, /system/lib]]

	at dalvik.system.BaseDexClassLoader.findClass(BaseDexClassLoader.java:56)

	at java.lang.ClassLoader.loadClass(ClassLoader.java:497)

	at java.lang.ClassLoader.loadClass(ClassLoader.java:457)

	... 15 more

INSTRUMENTATION_STATUS: numtests=1

INSTRUMENTATION_STATUS: stream=

mytest.Test:

INSTRUMENTATION_STATUS: id=UiAutomatorTestRunner

INSTRUMENTATION_STATUS: test=

INSTRUMENTATION_STATUS: class=mytest.Test

INSTRUMENTATION_STATUS: current=1

INSTRUMENTATION_STATUS_CODE: 1

========567========

INSTRUMENTATION_STATUS: numtests=1

INSTRUMENTATION_STATUS: stream=.

INSTRUMENTATION_STATUS: id=UiAutomatorTestRunner

INSTRUMENTATION_STATUS: test=

INSTRUMENTATION_STATUS: class=mytest.Test

INSTRUMENTATION_STATUS: current=1

INSTRUMENTATION_STATUS_CODE: 0

INSTRUMENTATION_STATUS: stream=

Test results for WatcherResultPrinter=.

Time: 0.099



OK (1 test)





INSTRUMENTATION_STATUS_CODE: -1

Updated file C:\Users\user\workspace\mytest\build.xml
Buildfile: C:\Users\user\workspace\mytest\build.xml

-check-env:
 [checkenv] Android SDK Tools Revision 25.2.2
 [checkenv] Installed at C:\Users\user\android-sdks

-build-setup:
[getbuildtools] Using latest Build Tools: 25.0.0
     [echo] Resolving Build Target for Demo...
[getuitarget] Project Target:   Android 7.1.1
[getuitarget] API level:        25
     [echo] ----------
     [echo] Creating output directories if needed...

-pre-compile:

compile:
    [javac] Compiling 2 source files to C:\Users\user\workspace\mytest\bin\classes
    [javac] ����: [options] Դֵ1.5�ѹ�ʱ, ����δ�����з��а���ɾ��
    [javac] ����: [options] Ŀ��ֵ1.5�ѹ�ʱ, ����δ�����з��а���ɾ��
    [javac] ����: [options] Ҫ�����й��ѹ�ʱѡ��ľ���, ��ʹ�� -Xlint:-options��
    [javac] ע: C:\Users\user\workspace\mytest\src\mytest\Test.javaʹ�û򸲸����ѹ�ʱ�� API��
    [javac] ע: �й���ϸ��Ϣ, ��ʹ�� -Xlint:deprecation ���±��롣
    [javac] 3 ������

-post-compile:

-dex:
      [dex] input: C:\Users\user\workspace\mytest\bin\classes
      [dex] Found Deleted Target File
      [dex] Converting compiled files and external libraries into C:\Users\user\workspace\mytest\bin\classes.dex...

-post-dex:

-jar:
      [jar] Building jar: C:\Users\user\workspace\mytest\bin\Demo.jar

-post-jar:

build:

BUILD SUCCESSFUL
Total time: 2 seconds
[100%] /data/local/tmp/Demo.jar
Sorry,can`t find the Driver!

java.lang.ClassNotFoundException: com.mysql.jdbc.Driver

	at java.lang.Class.classForName(Native Method)

	at java.lang.Class.forName(Class.java:251)

	at java.lang.Class.forName(Class.java:216)

	at mytest.ClassBase.getName(ClassBase.java:272)

	at com.android.uiautomator.testrunner.UiAutomatorTestRunner$WatcherResultPrinter.startTest(UiAutomatorTestRunner.java:279)

	at junit.framework.TestResult.startTest(TestResult.java:160)

	at junit.framework.TestResult.run(TestResult.java:112)

	at junit.framework.TestCase.run(TestCase.java:124)

	at com.android.uiautomator.testrunner.UiAutomatorTestRunner.start(UiAutomatorTestRunner.java:160)

	at com.android.uiautomator.testrunner.UiAutomatorTestRunner.run(UiAutomatorTestRunner.java:96)

	at com.android.commands.uiautomator.RunTestCommand.run(RunTestCommand.java:91)

	at com.android.commands.uiautomator.Launcher.main(Launcher.java:83)

	at com.android.internal.os.RuntimeInit.nativeFinishInit(Native Method)

	at com.android.internal.os.RuntimeInit.main(RuntimeInit.java:243)

	at dalvik.system.NativeStart.main(Native Method)

Caused by: java.lang.NoClassDefFoundError: com/mysql/jdbc/Driver

	... 15 more

Caused by: java.lang.ClassNotFoundException: Didn't find class "com.mysql.jdbc.Driver" on path: DexPathList[[zip file "/system/framework/android.test.runner.jar", zip file "/system/framework/uiautomator.jar", zip file "/data/local/tmp/Demo.jar"],nativeLibraryDirectories=[/vendor/lib, /system/lib]]

	at dalvik.system.BaseDexClassLoader.findClass(BaseDexClassLoader.java:56)

	at java.lang.ClassLoader.loadClass(ClassLoader.java:497)

	at java.lang.ClassLoader.loadClass(ClassLoader.java:457)

	... 15 more

INSTRUMENTATION_STATUS: numtests=1

INSTRUMENTATION_STATUS: stream=

mytest.Test:

INSTRUMENTATION_STATUS: id=UiAutomatorTestRunner

INSTRUMENTATION_STATUS: test=

INSTRUMENTATION_STATUS: class=mytest.Test

INSTRUMENTATION_STATUS: current=1

INSTRUMENTATION_STATUS_CODE: 1

========567========

INSTRUMENTATION_STATUS: numtests=1

INSTRUMENTATION_STATUS: stream=.

INSTRUMENTATION_STATUS: id=UiAutomatorTestRunner

INSTRUMENTATION_STATUS: test=

INSTRUMENTATION_STATUS: class=mytest.Test

INSTRUMENTATION_STATUS: current=1

INSTRUMENTATION_STATUS_CODE: 0

INSTRUMENTATION_STATUS: stream=

Test results for WatcherResultPrinter=.

Time: 0.096



OK (1 test)





INSTRUMENTATION_STATUS_CODE: -1

Updated file C:\Users\user\workspace\mytest\build.xml
Buildfile: C:\Users\user\workspace\mytest\build.xml

-check-env:
 [checkenv] Android SDK Tools Revision 25.2.2
 [checkenv] Installed at C:\Users\user\android-sdks

-build-setup:
[getbuildtools] Using latest Build Tools: 25.0.0
     [echo] Resolving Build Target for Demo...
[getuitarget] Project Target:   Android 7.1.1
[getuitarget] API level:        25
     [echo] ----------
     [echo] Creating output directories if needed...

-pre-compile:

compile:
    [javac] Compiling 3 source files to C:\Users\user\workspace\mytest\bin\classes
    [javac] ����: [options] Դֵ1.5�ѹ�ʱ, ����δ�����з��а���ɾ��
    [javac] ����: [options] Ŀ��ֵ1.5�ѹ�ʱ, ����δ�����з��а���ɾ��
    [javac] ����: [options] Ҫ�����й��ѹ�ʱѡ��ľ���, ��ʹ�� -Xlint:-options��
    [javac] ע: ĳЩ�����ļ�ʹ�û򸲸����ѹ�ʱ�� API��
    [javac] ע: �й���ϸ��Ϣ, ��ʹ�� -Xlint:deprecation ���±��롣
    [javac] 3 ������

-post-compile:

-dex:
      [dex] input: C:\Users\user\workspace\mytest\bin\classes
      [dex] Found Deleted Target File
      [dex] Converting compiled files and external libraries into C:\Users\user\workspace\mytest\bin\classes.dex...

-post-dex:

-jar:
      [jar] Building jar: C:\Users\user\workspace\mytest\bin\Demo.jar

-post-jar:

build:

BUILD SUCCESSFUL
Total time: 2 seconds
[100%] /data/local/tmp/Demo.jar
INSTRUMENTATION_STATUS: numtests=1

INSTRUMENTATION_STATUS: stream=

mytest.Test:

INSTRUMENTATION_STATUS: id=UiAutomatorTestRunner

INSTRUMENTATION_STATUS: test=testTest

INSTRUMENTATION_STATUS: class=mytest.Test

INSTRUMENTATION_STATUS: current=1

INSTRUMENTATION_STATUS_CODE: 1

========567========

INSTRUMENTATION_STATUS: numtests=1

INSTRUMENTATION_STATUS: stream=.

INSTRUMENTATION_STATUS: id=UiAutomatorTestRunner

INSTRUMENTATION_STATUS: test=testTest

INSTRUMENTATION_STATUS: class=mytest.Test

INSTRUMENTATION_STATUS: current=1

INSTRUMENTATION_STATUS_CODE: 0

INSTRUMENTATION_STATUS: stream=

Test results for WatcherResultPrinter=.

Time: 0.072



OK (1 test)





INSTRUMENTATION_STATUS_CODE: -1

Updated file C:\Users\user\workspace\mytest\build.xml
Buildfile: C:\Users\user\workspace\mytest\build.xml

-check-env:
 [checkenv] Android SDK Tools Revision 25.2.2
 [checkenv] Installed at C:\Users\user\android-sdks

-build-setup:
[getbuildtools] Using latest Build Tools: 25.0.0
     [echo] Resolving Build Target for Demo...
[getuitarget] Project Target:   Android 7.1.1
[getuitarget] API level:        25
     [echo] ----------
     [echo] Creating output directories if needed...

-pre-compile:

compile:
    [javac] Compiling 1 source file to C:\Users\user\workspace\mytest\bin\classes
    [javac] ����: [options] Դֵ1.5�ѹ�ʱ, ����δ�����з��а���ɾ��
    [javac] ����: [options] Ŀ��ֵ1.5�ѹ�ʱ, ����δ�����з��а���ɾ��
    [javac] ����: [options] Ҫ�����й��ѹ�ʱѡ��ľ���, ��ʹ�� -Xlint:-options��
    [javac] ע: C:\Users\user\workspace\mytest\src\mytest\Test.javaʹ�û򸲸����ѹ�ʱ�� API��
    [javac] ע: �й���ϸ��Ϣ, ��ʹ�� -Xlint:deprecation ���±��롣
    [javac] 3 ������

-post-compile:

-dex:
      [dex] input: C:\Users\user\workspace\mytest\bin\classes
      [dex] Found Deleted Target File
      [dex] Converting compiled files and external libraries into C:\Users\user\workspace\mytest\bin\classes.dex...

-post-dex:

-jar:
      [jar] Building jar: C:\Users\user\workspace\mytest\bin\Demo.jar

-post-jar:

build:

BUILD SUCCESSFUL
Total time: 1 second
[100%] /data/local/tmp/Demo.jar
INSTRUMENTATION_STATUS: numtests=1

INSTRUMENTATION_STATUS: stream=

mytest.Test:

INSTRUMENTATION_STATUS: id=UiAutomatorTestRunner

INSTRUMENTATION_STATUS: test=testTest

INSTRUMENTATION_STATUS: class=mytest.Test

INSTRUMENTATION_STATUS: current=1

INSTRUMENTATION_STATUS_CODE: 1

========567========

INSTRUMENTATION_STATUS: numtests=1

INSTRUMENTATION_STATUS: stream=.

INSTRUMENTATION_STATUS: id=UiAutomatorTestRunner

INSTRUMENTATION_STATUS: test=testTest

INSTRUMENTATION_STATUS: class=mytest.Test

INSTRUMENTATION_STATUS: current=1

INSTRUMENTATION_STATUS_CODE: 0

INSTRUMENTATION_STATUS: stream=

Test results for WatcherResultPrinter=.

Time: 0.08



OK (1 test)





INSTRUMENTATION_STATUS_CODE: -1

Updated file C:\Users\user\workspace\mytest\build.xml
Buildfile: C:\Users\user\workspace\mytest\build.xml

-check-env:
 [checkenv] Android SDK Tools Revision 25.2.2
 [checkenv] Installed at C:\Users\user\android-sdks

-build-setup:
[getbuildtools] Using latest Build Tools: 25.0.0
     [echo] Resolving Build Target for Demo...
[getuitarget] Project Target:   Android 7.1.1
[getuitarget] API level:        25
     [echo] ----------
     [echo] Creating output directories if needed...

-pre-compile:

compile:
    [javac] Compiling 2 source files to C:\Users\user\workspace\mytest\bin\classes
    [javac] ����: [options] Դֵ1.5�ѹ�ʱ, ����δ�����з��а���ɾ��
    [javac] ����: [options] Ŀ��ֵ1.5�ѹ�ʱ, ����δ�����з��а���ɾ��
    [javac] ����: [options] Ҫ�����й��ѹ�ʱѡ��ľ���, ��ʹ�� -Xlint:-options��
    [javac] C:\Users\user\workspace\mytest\src\mytest\JEBCTest.java:13: ����: �޷����� JEBCTest�еĹ����� JEBCTestӦ�õ���������;
    [javac] 		new JEBCTest();
    [javac] 		^
    [javac]   ��Ҫ: String
    [javac]   �ҵ�: û�в���
    [javac]   ԭ��: ʵ�ʲ����б����ʽ�����б��Ȳ�ͬ
    [javac] ע: C:\Users\user\workspace\mytest\src\mytest\Test.javaʹ�û򸲸����ѹ�ʱ�� API��
    [javac] ע: �й���ϸ��Ϣ, ��ʹ�� -Xlint:deprecation ���±��롣
    [javac] 1 ������
    [javac] 3 ������

BUILD FAILED
C:\Users\user\android-sdks\tools\ant\uibuild.xml:183: Compile failed; see the compiler error output for details.

Total time: 1 second
[100%] /data/local/tmp/Demo.jar
INSTRUMENTATION_STATUS: numtests=1

INSTRUMENTATION_STATUS: stream=

mytest.Test:

INSTRUMENTATION_STATUS: id=UiAutomatorTestRunner

INSTRUMENTATION_STATUS: test=testTest

INSTRUMENTATION_STATUS: class=mytest.Test

INSTRUMENTATION_STATUS: current=1

INSTRUMENTATION_STATUS_CODE: 1

========567========

INSTRUMENTATION_STATUS: numtests=1

INSTRUMENTATION_STATUS: stream=.

INSTRUMENTATION_STATUS: id=UiAutomatorTestRunner

INSTRUMENTATION_STATUS: test=testTest

INSTRUMENTATION_STATUS: class=mytest.Test

INSTRUMENTATION_STATUS: current=1

INSTRUMENTATION_STATUS_CODE: 0

INSTRUMENTATION_STATUS: stream=

Test results for WatcherResultPrinter=.

Time: 0.08



OK (1 test)





INSTRUMENTATION_STATUS_CODE: -1

Updated file C:\Users\user\workspace\mytest\build.xml
Buildfile: C:\Users\user\workspace\mytest\build.xml

-check-env:
 [checkenv] Android SDK Tools Revision 25.2.2
 [checkenv] Installed at C:\Users\user\android-sdks

-build-setup:
[getbuildtools] Using latest Build Tools: 25.0.0
     [echo] Resolving Build Target for Demo...
[getuitarget] Project Target:   Android 7.1.1
[getuitarget] API level:        25
     [echo] ----------
     [echo] Creating output directories if needed...

-pre-compile:

compile:
    [javac] Compiling 2 source files to C:\Users\user\workspace\mytest\bin\classes
    [javac] ����: [options] Դֵ1.5�ѹ�ʱ, ����δ�����з��а���ɾ��
    [javac] ����: [options] Ŀ��ֵ1.5�ѹ�ʱ, ����δ�����з��а���ɾ��
    [javac] ����: [options] Ҫ�����й��ѹ�ʱѡ��ľ���, ��ʹ�� -Xlint:-options��
    [javac] C:\Users\user\workspace\mytest\src\mytest\JEBCTest.java:13: ����: �޷����� JEBCTest�еĹ����� JEBCTestӦ�õ���������;
    [javac] 		new JEBCTest();
    [javac] 		^
    [javac]   ��Ҫ: String
    [javac]   �ҵ�: û�в���
    [javac]   ԭ��: ʵ�ʲ����б����ʽ�����б��Ȳ�ͬ
    [javac] ע: C:\Users\user\workspace\mytest\src\mytest\Test.javaʹ�û򸲸����ѹ�ʱ�� API��
    [javac] ע: �й���ϸ��Ϣ, ��ʹ�� -Xlint:deprecation ���±��롣
    [javac] 1 ������
    [javac] 3 ������

BUILD FAILED
C:\Users\user\android-sdks\tools\ant\uibuild.xml:183: Compile failed; see the compiler error output for details.

Total time: 1 second
[100%] /data/local/tmp/Demo.jar
INSTRUMENTATION_STATUS: numtests=1

INSTRUMENTATION_STATUS: stream=

mytest.Test:

INSTRUMENTATION_STATUS: id=UiAutomatorTestRunner

INSTRUMENTATION_STATUS: test=testTest

INSTRUMENTATION_STATUS: class=mytest.Test

INSTRUMENTATION_STATUS: current=1

INSTRUMENTATION_STATUS_CODE: 1

========567========

INSTRUMENTATION_STATUS: numtests=1

INSTRUMENTATION_STATUS: stream=.

INSTRUMENTATION_STATUS: id=UiAutomatorTestRunner

INSTRUMENTATION_STATUS: test=testTest

INSTRUMENTATION_STATUS: class=mytest.Test

INSTRUMENTATION_STATUS: current=1

INSTRUMENTATION_STATUS_CODE: 0

INSTRUMENTATION_STATUS: stream=

Test results for WatcherResultPrinter=.

Time: 0.073



OK (1 test)





INSTRUMENTATION_STATUS_CODE: -1

Updated file C:\Users\user\workspace\mytest\build.xml
Buildfile: C:\Users\user\workspace\mytest\build.xml

-check-env:
 [checkenv] Android SDK Tools Revision 25.2.2
 [checkenv] Installed at C:\Users\user\android-sdks

-build-setup:
[getbuildtools] Using latest Build Tools: 25.0.0
     [echo] Resolving Build Target for Demo...
[getuitarget] Project Target:   Android 7.1.1
[getuitarget] API level:        25
     [echo] ----------
     [echo] Creating output directories if needed...

-pre-compile:

compile:
    [javac] Compiling 2 source files to C:\Users\user\workspace\mytest\bin\classes
    [javac] ����: [options] Դֵ1.5�ѹ�ʱ, ����δ�����з��а���ɾ��
    [javac] ����: [options] Ŀ��ֵ1.5�ѹ�ʱ, ����δ�����з��а���ɾ��
    [javac] ����: [options] Ҫ�����й��ѹ�ʱѡ��ľ���, ��ʹ�� -Xlint:-options��
    [javac] C:\Users\user\workspace\mytest\src\mytest\JEBCTest.java:13: ����: �޷����� JEBCTest�еĹ����� JEBCTestӦ�õ���������;
    [javac] 		new JEBCTest();
    [javac] 		^
    [javac]   ��Ҫ: String
    [javac]   �ҵ�: û�в���
    [javac]   ԭ��: ʵ�ʲ����б����ʽ�����б��Ȳ�ͬ
    [javac] ע: C:\Users\user\workspace\mytest\src\mytest\Test.javaʹ�û򸲸����ѹ�ʱ�� API��
    [javac] ע: �й���ϸ��Ϣ, ��ʹ�� -Xlint:deprecation ���±��롣
    [javac] 1 ������
    [javac] 3 ������

BUILD FAILED
C:\Users\user\android-sdks\tools\ant\uibuild.xml:183: Compile failed; see the compiler error output for details.

Total time: 1 second
[100%] /data/local/tmp/Demo.jar
INSTRUMENTATION_STATUS: numtests=1

INSTRUMENTATION_STATUS: stream=

mytest.Test:

INSTRUMENTATION_STATUS: id=UiAutomatorTestRunner

INSTRUMENTATION_STATUS: test=testTest

INSTRUMENTATION_STATUS: class=mytest.Test

INSTRUMENTATION_STATUS: current=1

INSTRUMENTATION_STATUS_CODE: 1

========567========

INSTRUMENTATION_STATUS: numtests=1

INSTRUMENTATION_STATUS: stream=.

INSTRUMENTATION_STATUS: id=UiAutomatorTestRunner

INSTRUMENTATION_STATUS: test=testTest

INSTRUMENTATION_STATUS: class=mytest.Test

INSTRUMENTATION_STATUS: current=1

INSTRUMENTATION_STATUS_CODE: 0

INSTRUMENTATION_STATUS: stream=

Test results for WatcherResultPrinter=.

Time: 0.08



OK (1 test)





INSTRUMENTATION_STATUS_CODE: -1

Updated file C:\Users\user\workspace\mytest\build.xml
Buildfile: C:\Users\user\workspace\mytest\build.xml

-check-env:
 [checkenv] Android SDK Tools Revision 25.2.2
 [checkenv] Installed at C:\Users\user\android-sdks

-build-setup:
[getbuildtools] Using latest Build Tools: 25.0.0
     [echo] Resolving Build Target for Demo...
[getuitarget] Project Target:   Android 7.1.1
[getuitarget] API level:        25
     [echo] ----------
     [echo] Creating output directories if needed...

-pre-compile:

compile:
    [javac] Compiling 2 source files to C:\Users\user\workspace\mytest\bin\classes
    [javac] ����: [options] Դֵ1.5�ѹ�ʱ, ����δ�����з��а���ɾ��
    [javac] ����: [options] Ŀ��ֵ1.5�ѹ�ʱ, ����δ�����з��а���ɾ��
    [javac] ����: [options] Ҫ�����й��ѹ�ʱѡ��ľ���, ��ʹ�� -Xlint:-options��
    [javac] ע: C:\Users\user\workspace\mytest\src\mytest\Test.javaʹ�û򸲸����ѹ�ʱ�� API��
    [javac] ע: �й���ϸ��Ϣ, ��ʹ�� -Xlint:deprecation ���±��롣
    [javac] 3 ������

-post-compile:

-dex:
      [dex] input: C:\Users\user\workspace\mytest\bin\classes
      [dex] Found Deleted Target File
      [dex] Converting compiled files and external libraries into C:\Users\user\workspace\mytest\bin\classes.dex...

-post-dex:

-jar:
      [jar] Building jar: C:\Users\user\workspace\mytest\bin\Demo.jar

-post-jar:

build:

BUILD SUCCESSFUL
Total time: 1 second
[100%] /data/local/tmp/Demo.jar
INSTRUMENTATION_STATUS: numtests=1

INSTRUMENTATION_STATUS: stream=

mytest.Test:

INSTRUMENTATION_STATUS: id=UiAutomatorTestRunner

INSTRUMENTATION_STATUS: test=testTest

INSTRUMENTATION_STATUS: class=mytest.Test

INSTRUMENTATION_STATUS: current=1

INSTRUMENTATION_STATUS_CODE: 1

========567========

INSTRUMENTATION_STATUS: numtests=1

INSTRUMENTATION_STATUS: stream=.

INSTRUMENTATION_STATUS: id=UiAutomatorTestRunner

INSTRUMENTATION_STATUS: test=testTest

INSTRUMENTATION_STATUS: class=mytest.Test

INSTRUMENTATION_STATUS: current=1

INSTRUMENTATION_STATUS_CODE: 0

INSTRUMENTATION_STATUS: stream=

Test results for WatcherResultPrinter=.

Time: 0.074



OK (1 test)





INSTRUMENTATION_STATUS_CODE: -1

Updated file C:\Users\user\workspace\mytest\build.xml
Buildfile: C:\Users\user\workspace\mytest\build.xml

-check-env:
 [checkenv] Android SDK Tools Revision 25.2.2
 [checkenv] Installed at C:\Users\user\android-sdks

-build-setup:
[getbuildtools] Using latest Build Tools: 25.0.0
     [echo] Resolving Build Target for Demo...
[getuitarget] Project Target:   Android 7.1.1
[getuitarget] API level:        25
     [echo] ----------
     [echo] Creating output directories if needed...

-pre-compile:

compile:
    [javac] Compiling 2 source files to C:\Users\user\workspace\mytest\bin\classes
    [javac] ����: [options] Դֵ1.5�ѹ�ʱ, ����δ�����з��а���ɾ��
    [javac] ����: [options] Ŀ��ֵ1.5�ѹ�ʱ, ����δ�����з��а���ɾ��
    [javac] ����: [options] Ҫ�����й��ѹ�ʱѡ��ľ���, ��ʹ�� -Xlint:-options��
    [javac] ע: C:\Users\user\workspace\mytest\src\mytest\Test.javaʹ�û򸲸����ѹ�ʱ�� API��
    [javac] ע: �й���ϸ��Ϣ, ��ʹ�� -Xlint:deprecation ���±��롣
    [javac] 3 ������

-post-compile:

-dex:
      [dex] input: C:\Users\user\workspace\mytest\bin\classes
      [dex] Found Deleted Target File
      [dex] Converting compiled files and external libraries into C:\Users\user\workspace\mytest\bin\classes.dex...

-post-dex:

-jar:
      [jar] Building jar: C:\Users\user\workspace\mytest\bin\Demo.jar

-post-jar:

build:

BUILD SUCCESSFUL
Total time: 1 second
[100%] /data/local/tmp/Demo.jar
INSTRUMENTATION_STATUS: numtests=1

INSTRUMENTATION_STATUS: stream=

mytest.Test:

INSTRUMENTATION_STATUS: id=UiAutomatorTestRunner

INSTRUMENTATION_STATUS: test=testTest

INSTRUMENTATION_STATUS: class=mytest.Test

INSTRUMENTATION_STATUS: current=1

INSTRUMENTATION_STATUS_CODE: 1

========567========

INSTRUMENTATION_STATUS: numtests=1

INSTRUMENTATION_STATUS: stream=.

INSTRUMENTATION_STATUS: id=UiAutomatorTestRunner

INSTRUMENTATION_STATUS: test=testTest

INSTRUMENTATION_STATUS: class=mytest.Test

INSTRUMENTATION_STATUS: current=1

INSTRUMENTATION_STATUS_CODE: 0

INSTRUMENTATION_STATUS: stream=

Test results for WatcherResultPrinter=.

Time: 0.075



OK (1 test)





INSTRUMENTATION_STATUS_CODE: -1

Updated file C:\Users\user\workspace\mytest\build.xml
Buildfile: C:\Users\user\workspace\mytest\build.xml

-check-env:
 [checkenv] Android SDK Tools Revision 25.2.2
 [checkenv] Installed at C:\Users\user\android-sdks

-build-setup:
[getbuildtools] Using latest Build Tools: 25.0.0
     [echo] Resolving Build Target for Demo...
[getuitarget] Project Target:   Android 7.1.1
[getuitarget] API level:        25
     [echo] ----------
     [echo] Creating output directories if needed...

-pre-compile:

compile:
    [javac] Compiling 2 source files to C:\Users\user\workspace\mytest\bin\classes
    [javac] ����: [options] Դֵ1.5�ѹ�ʱ, ����δ�����з��а���ɾ��
    [javac] ����: [options] Ŀ��ֵ1.5�ѹ�ʱ, ����δ�����з��а���ɾ��
    [javac] ����: [options] Ҫ�����й��ѹ�ʱѡ��ľ���, ��ʹ�� -Xlint:-options��
    [javac] ע: C:\Users\user\workspace\mytest\src\mytest\Test.javaʹ�û򸲸����ѹ�ʱ�� API��
    [javac] ע: �й���ϸ��Ϣ, ��ʹ�� -Xlint:deprecation ���±��롣
    [javac] 3 ������

-post-compile:

-dex:
      [dex] input: C:\Users\user\workspace\mytest\bin\classes
      [dex] Found Deleted Target File
      [dex] Converting compiled files and external libraries into C:\Users\user\workspace\mytest\bin\classes.dex...

-post-dex:

-jar:
      [jar] Building jar: C:\Users\user\workspace\mytest\bin\Demo.jar

-post-jar:

build:

BUILD SUCCESSFUL
Total time: 2 seconds
[100%] /data/local/tmp/Demo.jar
INSTRUMENTATION_STATUS: numtests=1

INSTRUMENTATION_STATUS: stream=

mytest.Test:

INSTRUMENTATION_STATUS: id=UiAutomatorTestRunner

INSTRUMENTATION_STATUS: test=testTest

INSTRUMENTATION_STATUS: class=mytest.Test

INSTRUMENTATION_STATUS: current=1

INSTRUMENTATION_STATUS_CODE: 1

========567========

INSTRUMENTATION_STATUS: numtests=1

INSTRUMENTATION_STATUS: stream=.

INSTRUMENTATION_STATUS: id=UiAutomatorTestRunner

INSTRUMENTATION_STATUS: test=testTest

INSTRUMENTATION_STATUS: class=mytest.Test

INSTRUMENTATION_STATUS: current=1

INSTRUMENTATION_STATUS_CODE: 0

INSTRUMENTATION_STATUS: stream=

Test results for WatcherResultPrinter=.

Time: 0.083



OK (1 test)





INSTRUMENTATION_STATUS_CODE: -1

Updated file C:\Users\user\workspace\mytest\build.xml
Buildfile: C:\Users\user\workspace\mytest\build.xml

-check-env:
 [checkenv] Android SDK Tools Revision 25.2.2
 [checkenv] Installed at C:\Users\user\android-sdks

-build-setup:
[getbuildtools] Using latest Build Tools: 25.0.0
     [echo] Resolving Build Target for Demo...
[getuitarget] Project Target:   Android 7.1.1
[getuitarget] API level:        25
     [echo] ----------
     [echo] Creating output directories if needed...

-pre-compile:

compile:
    [javac] Compiling 2 source files to C:\Users\user\workspace\mytest\bin\classes
    [javac] ����: [options] Դֵ1.5�ѹ�ʱ, ����δ�����з��а���ɾ��
    [javac] ����: [options] Ŀ��ֵ1.5�ѹ�ʱ, ����δ�����з��а���ɾ��
    [javac] ����: [options] Ҫ�����й��ѹ�ʱѡ��ľ���, ��ʹ�� -Xlint:-options��
    [javac] ע: C:\Users\user\workspace\mytest\src\mytest\Test.javaʹ�û򸲸����ѹ�ʱ�� API��
    [javac] ע: �й���ϸ��Ϣ, ��ʹ�� -Xlint:deprecation ���±��롣
    [javac] 3 ������

-post-compile:

-dex:
      [dex] input: C:\Users\user\workspace\mytest\bin\classes
      [dex] Found Deleted Target File
      [dex] Converting compiled files and external libraries into C:\Users\user\workspace\mytest\bin\classes.dex...

-post-dex:

-jar:
      [jar] Building jar: C:\Users\user\workspace\mytest\bin\Demo.jar

-post-jar:

build:

BUILD SUCCESSFUL
Total time: 1 second
[100%] /data/local/tmp/Demo.jar
INSTRUMENTATION_STATUS: numtests=1

INSTRUMENTATION_STATUS: stream=

mytest.Test:

INSTRUMENTATION_STATUS: id=UiAutomatorTestRunner

INSTRUMENTATION_STATUS: test=testTest

INSTRUMENTATION_STATUS: class=mytest.Test

INSTRUMENTATION_STATUS: current=1

INSTRUMENTATION_STATUS_CODE: 1

========567========

INSTRUMENTATION_STATUS: numtests=1

INSTRUMENTATION_STATUS: stream=.

INSTRUMENTATION_STATUS: id=UiAutomatorTestRunner

INSTRUMENTATION_STATUS: test=testTest

INSTRUMENTATION_STATUS: class=mytest.Test

INSTRUMENTATION_STATUS: current=1

INSTRUMENTATION_STATUS_CODE: 0

INSTRUMENTATION_STATUS: stream=

Test results for WatcherResultPrinter=.

Time: 0.068



OK (1 test)





INSTRUMENTATION_STATUS_CODE: -1

545	当当当
545	当当当
Updated file C:\Users\user\workspace\mytest\build.xml
Buildfile: C:\Users\user\workspace\mytest\build.xml

-check-env:
 [checkenv] Android SDK Tools Revision 25.2.2
 [checkenv] Installed at C:\Users\user\android-sdks

-build-setup:
[getbuildtools] Using latest Build Tools: 25.0.0
     [echo] Resolving Build Target for Demo...
[getuitarget] Project Target:   Android 7.1.1
[getuitarget] API level:        25
     [echo] ----------
     [echo] Creating output directories if needed...

-pre-compile:

compile:
    [javac] Compiling 1 source file to C:\Users\user\workspace\mytest\bin\classes
    [javac] ����: [options] Դֵ1.5�ѹ�ʱ, ����δ�����з��а���ɾ��
    [javac] ����: [options] Ŀ��ֵ1.5�ѹ�ʱ, ����δ�����з��а���ɾ��
    [javac] ����: [options] Ҫ�����й��ѹ�ʱѡ��ľ���, ��ʹ�� -Xlint:-options��
    [javac] 3 ������

-post-compile:

-dex:
      [dex] input: C:\Users\user\workspace\mytest\bin\classes
      [dex] Found Deleted Target File
      [dex] Converting compiled files and external libraries into C:\Users\user\workspace\mytest\bin\classes.dex...

-post-dex:

-jar:
      [jar] Building jar: C:\Users\user\workspace\mytest\bin\Demo.jar

-post-jar:

build:

BUILD SUCCESSFUL
Total time: 1 second
[100%] /data/local/tmp/Demo.jar
INSTRUMENTATION_STATUS: numtests=1

INSTRUMENTATION_STATUS: stream=

mytest.Test:

INSTRUMENTATION_STATUS: id=UiAutomatorTestRunner

INSTRUMENTATION_STATUS: test=testTest

INSTRUMENTATION_STATUS: class=mytest.Test

INSTRUMENTATION_STATUS: current=1

INSTRUMENTATION_STATUS_CODE: 1

========567========

INSTRUMENTATION_STATUS: numtests=1

INSTRUMENTATION_STATUS: stream=.

INSTRUMENTATION_STATUS: id=UiAutomatorTestRunner

INSTRUMENTATION_STATUS: test=testTest

INSTRUMENTATION_STATUS: class=mytest.Test

INSTRUMENTATION_STATUS: current=1

INSTRUMENTATION_STATUS_CODE: 0

INSTRUMENTATION_STATUS: stream=

Test results for WatcherResultPrinter=.

Time: 0.075



OK (1 test)





INSTRUMENTATION_STATUS_CODE: -1

545	当当当
Updated file C:\Users\user\workspace\mytest\build.xml
Buildfile: C:\Users\user\workspace\mytest\build.xml

-check-env:
 [checkenv] Android SDK Tools Revision 25.2.2
 [checkenv] Installed at C:\Users\user\android-sdks

-build-setup:
[getbuildtools] Using latest Build Tools: 25.0.0
     [echo] Resolving Build Target for Demo...
[getuitarget] Project Target:   Android 7.1.1
[getuitarget] API level:        25
     [echo] ----------
     [echo] Creating output directories if needed...

-pre-compile:

compile:
    [javac] Compiling 1 source file to C:\Users\user\workspace\mytest\bin\classes
    [javac] ����: [options] Դֵ1.5�ѹ�ʱ, ����δ�����з��а���ɾ��
    [javac] ����: [options] Ŀ��ֵ1.5�ѹ�ʱ, ����δ�����з��а���ɾ��
    [javac] ����: [options] Ҫ�����й��ѹ�ʱѡ��ľ���, ��ʹ�� -Xlint:-options��
    [javac] 3 ������

-post-compile:

-dex:
      [dex] input: C:\Users\user\workspace\mytest\bin\classes
      [dex] Found Deleted Target File
      [dex] Converting compiled files and external libraries into C:\Users\user\workspace\mytest\bin\classes.dex...

-post-dex:

-jar:
      [jar] Building jar: C:\Users\user\workspace\mytest\bin\Demo.jar

-post-jar:

build:

BUILD SUCCESSFUL
Total time: 1 second
[100%] /data/local/tmp/Demo.jar
INSTRUMENTATION_STATUS: numtests=1

INSTRUMENTATION_STATUS: stream=

mytest.Test:

INSTRUMENTATION_STATUS: id=UiAutomatorTestRunner

INSTRUMENTATION_STATUS: test=testTest

INSTRUMENTATION_STATUS: class=mytest.Test

INSTRUMENTATION_STATUS: current=1

INSTRUMENTATION_STATUS_CODE: 1

========567========

INSTRUMENTATION_STATUS: numtests=1

INSTRUMENTATION_STATUS: stream=.

INSTRUMENTATION_STATUS: id=UiAutomatorTestRunner

INSTRUMENTATION_STATUS: test=testTest

INSTRUMENTATION_STATUS: class=mytest.Test

INSTRUMENTATION_STATUS: current=1

INSTRUMENTATION_STATUS_CODE: 0

INSTRUMENTATION_STATUS: stream=

Test results for WatcherResultPrinter=.

Time: 0.072



OK (1 test)





INSTRUMENTATION_STATUS_CODE: -1

545	当当当
Updated file C:\Users\user\workspace\mytest\build.xml
Buildfile: C:\Users\user\workspace\mytest\build.xml

-check-env:
 [checkenv] Android SDK Tools Revision 25.2.2
 [checkenv] Installed at C:\Users\user\android-sdks

-build-setup:
[getbuildtools] Using latest Build Tools: 25.0.0
     [echo] Resolving Build Target for Demo...
[getuitarget] Project Target:   Android 7.1.1
[getuitarget] API level:        25
     [echo] ----------
     [echo] Creating output directories if needed...

-pre-compile:

compile:
    [javac] Compiling 2 source files to C:\Users\user\workspace\mytest\bin\classes
    [javac] ����: [options] Դֵ1.5�ѹ�ʱ, ����δ�����з��а���ɾ��
    [javac] ����: [options] Ŀ��ֵ1.5�ѹ�ʱ, ����δ�����з��а���ɾ��
    [javac] ����: [options] Ҫ�����й��ѹ�ʱѡ��ľ���, ��ʹ�� -Xlint:-options��
    [javac] ע: C:\Users\user\workspace\mytest\src\mytest\Test.javaʹ�û򸲸����ѹ�ʱ�� API��
    [javac] ע: �й���ϸ��Ϣ, ��ʹ�� -Xlint:deprecation ���±��롣
    [javac] 3 ������

-post-compile:

-dex:
      [dex] input: C:\Users\user\workspace\mytest\bin\classes
      [dex] Found Deleted Target File
      [dex] Converting compiled files and external libraries into C:\Users\user\workspace\mytest\bin\classes.dex...

-post-dex:

-jar:
      [jar] Building jar: C:\Users\user\workspace\mytest\bin\Demo.jar

-post-jar:

build:

BUILD SUCCESSFUL
Total time: 2 seconds
[100%] /data/local/tmp/Demo.jar
INSTRUMENTATION_STATUS: numtests=1

INSTRUMENTATION_STATUS: stream=

mytest.Test:

INSTRUMENTATION_STATUS: id=UiAutomatorTestRunner

INSTRUMENTATION_STATUS: test=testTest

INSTRUMENTATION_STATUS: class=mytest.Test

INSTRUMENTATION_STATUS: current=1

INSTRUMENTATION_STATUS_CODE: 1

========567========

INSTRUMENTATION_STATUS: numtests=1

INSTRUMENTATION_STATUS: stream=.

INSTRUMENTATION_STATUS: id=UiAutomatorTestRunner

INSTRUMENTATION_STATUS: test=testTest

INSTRUMENTATION_STATUS: class=mytest.Test

INSTRUMENTATION_STATUS: current=1

INSTRUMENTATION_STATUS_CODE: 0

INSTRUMENTATION_STATUS: stream=

Test results for WatcherResultPrinter=.

Time: 0.072



OK (1 test)





INSTRUMENTATION_STATUS_CODE: -1

Updated file C:\Users\user\workspace\mytest\build.xml
Buildfile: C:\Users\user\workspace\mytest\build.xml

-check-env:
 [checkenv] Android SDK Tools Revision 25.2.2
 [checkenv] Installed at C:\Users\user\android-sdks

-build-setup:
[getbuildtools] Using latest Build Tools: 25.0.0
     [echo] Resolving Build Target for Demo...
[getuitarget] Project Target:   Android 7.1.1
[getuitarget] API level:        25
     [echo] ----------
     [echo] Creating output directories if needed...

-pre-compile:

compile:
    [javac] Compiling 2 source files to C:\Users\user\workspace\mytest\bin\classes
    [javac] ����: [options] Դֵ1.5�ѹ�ʱ, ����δ�����з��а���ɾ��
    [javac] ����: [options] Ŀ��ֵ1.5�ѹ�ʱ, ����δ�����з��а���ɾ��
    [javac] ����: [options] Ҫ�����й��ѹ�ʱѡ��ľ���, ��ʹ�� -Xlint:-options��
    [javac] ע: C:\Users\user\workspace\mytest\src\mytest\Test.javaʹ�û򸲸����ѹ�ʱ�� API��
    [javac] ע: �й���ϸ��Ϣ, ��ʹ�� -Xlint:deprecation ���±��롣
    [javac] 3 ������

-post-compile:

-dex:
      [dex] input: C:\Users\user\workspace\mytest\bin\classes
      [dex] Found Deleted Target File
      [dex] Converting compiled files and external libraries into C:\Users\user\workspace\mytest\bin\classes.dex...

-post-dex:

-jar:
      [jar] Building jar: C:\Users\user\workspace\mytest\bin\Demo.jar

-post-jar:

build:

BUILD SUCCESSFUL
Total time: 1 second
[100%] /data/local/tmp/Demo.jar
INSTRUMENTATION_STATUS: numtests=1

INSTRUMENTATION_STATUS: stream=

mytest.Test:

INSTRUMENTATION_STATUS: id=UiAutomatorTestRunner

INSTRUMENTATION_STATUS: test=testTest

INSTRUMENTATION_STATUS: class=mytest.Test

INSTRUMENTATION_STATUS: current=1

INSTRUMENTATION_STATUS_CODE: 1

========567========

INSTRUMENTATION_STATUS: numtests=1

INSTRUMENTATION_STATUS: stream=.

INSTRUMENTATION_STATUS: id=UiAutomatorTestRunner

INSTRUMENTATION_STATUS: test=testTest

INSTRUMENTATION_STATUS: class=mytest.Test

INSTRUMENTATION_STATUS: current=1

INSTRUMENTATION_STATUS_CODE: 0

INSTRUMENTATION_STATUS: stream=

Test results for WatcherResultPrinter=.

Time: 0.077



OK (1 test)





INSTRUMENTATION_STATUS_CODE: -1

Updated file C:\Users\user\workspace\mytest\build.xml
Buildfile: C:\Users\user\workspace\mytest\build.xml

-check-env:
 [checkenv] Android SDK Tools Revision 25.2.2
 [checkenv] Installed at C:\Users\user\android-sdks

-build-setup:
[getbuildtools] Using latest Build Tools: 25.0.0
     [echo] Resolving Build Target for Demo...
[getuitarget] Project Target:   Android 7.1.1
[getuitarget] API level:        25
     [echo] ----------
     [echo] Creating output directories if needed...

-pre-compile:

compile:
    [javac] Compiling 2 source files to C:\Users\user\workspace\mytest\bin\classes
    [javac] ����: [options] Դֵ1.5�ѹ�ʱ, ����δ�����з��а���ɾ��
    [javac] ����: [options] Ŀ��ֵ1.5�ѹ�ʱ, ����δ�����з��а���ɾ��
    [javac] ����: [options] Ҫ�����й��ѹ�ʱѡ��ľ���, ��ʹ�� -Xlint:-options��
    [javac] ע: C:\Users\user\workspace\mytest\src\mytest\Test.javaʹ�û򸲸����ѹ�ʱ�� API��
    [javac] ע: �й���ϸ��Ϣ, ��ʹ�� -Xlint:deprecation ���±��롣
    [javac] 3 ������

-post-compile:

-dex:
      [dex] input: C:\Users\user\workspace\mytest\bin\classes
      [dex] Found Deleted Target File
      [dex] Converting compiled files and external libraries into C:\Users\user\workspace\mytest\bin\classes.dex...

-post-dex:

-jar:
      [jar] Building jar: C:\Users\user\workspace\mytest\bin\Demo.jar

-post-jar:

build:

BUILD SUCCESSFUL
Total time: 2 seconds
[100%] /data/local/tmp/Demo.jar
INSTRUMENTATION_STATUS: numtests=1

INSTRUMENTATION_STATUS: stream=

mytest.Test:

INSTRUMENTATION_STATUS: id=UiAutomatorTestRunner

INSTRUMENTATION_STATUS: test=testTest

INSTRUMENTATION_STATUS: class=mytest.Test

INSTRUMENTATION_STATUS: current=1

INSTRUMENTATION_STATUS_CODE: 1

========567========

INSTRUMENTATION_STATUS: numtests=1

INSTRUMENTATION_STATUS: stream=.

INSTRUMENTATION_STATUS: id=UiAutomatorTestRunner

INSTRUMENTATION_STATUS: test=testTest

INSTRUMENTATION_STATUS: class=mytest.Test

INSTRUMENTATION_STATUS: current=1

INSTRUMENTATION_STATUS_CODE: 0

INSTRUMENTATION_STATUS: stream=

Test results for WatcherResultPrinter=.

Time: 0.079



OK (1 test)





INSTRUMENTATION_STATUS_CODE: -1

Updated file C:\Users\user\workspace\mytest\build.xml
Buildfile: C:\Users\user\workspace\mytest\build.xml

-check-env:
 [checkenv] Android SDK Tools Revision 25.2.2
 [checkenv] Installed at C:\Users\user\android-sdks

-build-setup:
[getbuildtools] Using latest Build Tools: 25.0.0
     [echo] Resolving Build Target for Demo...
[getuitarget] Project Target:   Android 7.1.1
[getuitarget] API level:        25
     [echo] ----------
     [echo] Creating output directories if needed...

-pre-compile:

compile:
    [javac] Compiling 1 source file to C:\Users\user\workspace\mytest\bin\classes
    [javac] ����: [options] Դֵ1.5�ѹ�ʱ, ����δ�����з��а���ɾ��
    [javac] ����: [options] Ŀ��ֵ1.5�ѹ�ʱ, ����δ�����з��а���ɾ��
    [javac] ����: [options] Ҫ�����й��ѹ�ʱѡ��ľ���, ��ʹ�� -Xlint:-options��
    [javac] 3 ������

-post-compile:

-dex:
      [dex] input: C:\Users\user\workspace\mytest\bin\classes
      [dex] Found Deleted Target File
      [dex] Converting compiled files and external libraries into C:\Users\user\workspace\mytest\bin\classes.dex...

-post-dex:

-jar:
      [jar] Building jar: C:\Users\user\workspace\mytest\bin\Demo.jar

-post-jar:

build:

BUILD SUCCESSFUL
Total time: 1 second
[100%] /data/local/tmp/Demo.jar
INSTRUMENTATION_STATUS: numtests=1

INSTRUMENTATION_STATUS: stream=

mytest.Test:

INSTRUMENTATION_STATUS: id=UiAutomatorTestRunner

INSTRUMENTATION_STATUS: test=testTest

INSTRUMENTATION_STATUS: class=mytest.Test

INSTRUMENTATION_STATUS: current=1

INSTRUMENTATION_STATUS_CODE: 1

========567========

INSTRUMENTATION_STATUS: numtests=1

INSTRUMENTATION_STATUS: stream=.

INSTRUMENTATION_STATUS: id=UiAutomatorTestRunner

INSTRUMENTATION_STATUS: test=testTest

INSTRUMENTATION_STATUS: class=mytest.Test

INSTRUMENTATION_STATUS: current=1

INSTRUMENTATION_STATUS_CODE: 0

INSTRUMENTATION_STATUS: stream=

Test results for WatcherResultPrinter=.

Time: 0.082



OK (1 test)





INSTRUMENTATION_STATUS_CODE: -1

Updated file C:\Users\user\workspace\mytest\build.xml
Buildfile: C:\Users\user\workspace\mytest\build.xml

-check-env:
 [checkenv] Android SDK Tools Revision 25.2.2
 [checkenv] Installed at C:\Users\user\android-sdks

-build-setup:
[getbuildtools] Using latest Build Tools: 25.0.0
     [echo] Resolving Build Target for Demo...
[getuitarget] Project Target:   Android 7.1.1
[getuitarget] API level:        25
     [echo] ----------
     [echo] Creating output directories if needed...

-pre-compile:

compile:
    [javac] Compiling 2 source files to C:\Users\user\workspace\mytest\bin\classes
    [javac] ����: [options] Դֵ1.5�ѹ�ʱ, ����δ�����з��а���ɾ��
    [javac] ����: [options] Ŀ��ֵ1.5�ѹ�ʱ, ����δ�����з��а���ɾ��
    [javac] ����: [options] Ҫ�����й��ѹ�ʱѡ��ľ���, ��ʹ�� -Xlint:-options��
    [javac] ע: C:\Users\user\workspace\mytest\src\mytest\Test.javaʹ�û򸲸����ѹ�ʱ�� API��
    [javac] ע: �й���ϸ��Ϣ, ��ʹ�� -Xlint:deprecation ���±��롣
    [javac] 3 ������

-post-compile:

-dex:
      [dex] input: C:\Users\user\workspace\mytest\bin\classes
      [dex] Found Deleted Target File
      [dex] Converting compiled files and external libraries into C:\Users\user\workspace\mytest\bin\classes.dex...

-post-dex:

-jar:
      [jar] Building jar: C:\Users\user\workspace\mytest\bin\Demo.jar

-post-jar:

build:

BUILD SUCCESSFUL
Total time: 1 second
[100%] /data/local/tmp/Demo.jar
INSTRUMENTATION_STATUS: numtests=1

INSTRUMENTATION_STATUS: stream=

mytest.Test:

INSTRUMENTATION_STATUS: id=UiAutomatorTestRunner

INSTRUMENTATION_STATUS: test=testTest

INSTRUMENTATION_STATUS: class=mytest.Test

INSTRUMENTATION_STATUS: current=1

INSTRUMENTATION_STATUS_CODE: 1

========567========

INSTRUMENTATION_STATUS: numtests=1

INSTRUMENTATION_STATUS: stream=.

INSTRUMENTATION_STATUS: id=UiAutomatorTestRunner

INSTRUMENTATION_STATUS: test=testTest

INSTRUMENTATION_STATUS: class=mytest.Test

INSTRUMENTATION_STATUS: current=1

INSTRUMENTATION_STATUS_CODE: 0

INSTRUMENTATION_STATUS: stream=

Test results for WatcherResultPrinter=.

Time: 0.072



OK (1 test)





INSTRUMENTATION_STATUS_CODE: -1

Updated file C:\Users\user\workspace\mytest\build.xml
Buildfile: C:\Users\user\workspace\mytest\build.xml

-check-env:
 [checkenv] Android SDK Tools Revision 25.2.2
 [checkenv] Installed at C:\Users\user\android-sdks

-build-setup:
[getbuildtools] Using latest Build Tools: 25.0.0
     [echo] Resolving Build Target for Demo...
[getuitarget] Project Target:   Android 7.1.1
[getuitarget] API level:        25
     [echo] ----------
     [echo] Creating output directories if needed...

-pre-compile:

compile:
    [javac] Compiling 1 source file to C:\Users\user\workspace\mytest\bin\classes
    [javac] ����: [options] Դֵ1.5�ѹ�ʱ, ����δ�����з��а���ɾ��
    [javac] ����: [options] Ŀ��ֵ1.5�ѹ�ʱ, ����δ�����з��а���ɾ��
    [javac] ����: [options] Ҫ�����й��ѹ�ʱѡ��ľ���, ��ʹ�� -Xlint:-options��
    [javac] 3 ������

-post-compile:

-dex:
      [dex] input: C:\Users\user\workspace\mytest\bin\classes
      [dex] Found Deleted Target File
      [dex] Converting compiled files and external libraries into C:\Users\user\workspace\mytest\bin\classes.dex...

-post-dex:

-jar:
      [jar] Building jar: C:\Users\user\workspace\mytest\bin\Demo.jar

-post-jar:

build:

BUILD SUCCESSFUL
Total time: 1 second
[100%] /data/local/tmp/Demo.jar
INSTRUMENTATION_STATUS: numtests=1

INSTRUMENTATION_STATUS: stream=

mytest.Test:

INSTRUMENTATION_STATUS: id=UiAutomatorTestRunner

INSTRUMENTATION_STATUS: test=testTest

INSTRUMENTATION_STATUS: class=mytest.Test

INSTRUMENTATION_STATUS: current=1

INSTRUMENTATION_STATUS_CODE: 1

========567========

INSTRUMENTATION_STATUS: numtests=1

INSTRUMENTATION_STATUS: stream=.

INSTRUMENTATION_STATUS: id=UiAutomatorTestRunner

INSTRUMENTATION_STATUS: test=testTest

INSTRUMENTATION_STATUS: class=mytest.Test

INSTRUMENTATION_STATUS: current=1

INSTRUMENTATION_STATUS_CODE: 0

INSTRUMENTATION_STATUS: stream=

Test results for WatcherResultPrinter=.

Time: 0.072



OK (1 test)





INSTRUMENTATION_STATUS_CODE: -1

Updated file C:\Users\user\workspace\mytest\build.xml
Buildfile: C:\Users\user\workspace\mytest\build.xml

-check-env:
 [checkenv] Android SDK Tools Revision 25.2.2
 [checkenv] Installed at C:\Users\user\android-sdks

-build-setup:
[getbuildtools] Using latest Build Tools: 25.0.0
     [echo] Resolving Build Target for Demo...
[getuitarget] Project Target:   Android 7.1.1
[getuitarget] API level:        25
     [echo] ----------
     [echo] Creating output directories if needed...

-pre-compile:

compile:
    [javac] Compiling 1 source file to C:\Users\user\workspace\mytest\bin\classes
    [javac] ����: [options] Դֵ1.5�ѹ�ʱ, ����δ�����з��а���ɾ��
    [javac] ����: [options] Ŀ��ֵ1.5�ѹ�ʱ, ����δ�����з��а���ɾ��
    [javac] ����: [options] Ҫ�����й��ѹ�ʱѡ��ľ���, ��ʹ�� -Xlint:-options��
    [javac] 3 ������

-post-compile:

-dex:
      [dex] input: C:\Users\user\workspace\mytest\bin\classes
      [dex] Found Deleted Target File
      [dex] Converting compiled files and external libraries into C:\Users\user\workspace\mytest\bin\classes.dex...

-post-dex:

-jar:
      [jar] Building jar: C:\Users\user\workspace\mytest\bin\Demo.jar

-post-jar:

build:

BUILD SUCCESSFUL
Total time: 1 second
[100%] /data/local/tmp/Demo.jar
INSTRUMENTATION_STATUS: numtests=1

INSTRUMENTATION_STATUS: stream=

mytest.Test:

INSTRUMENTATION_STATUS: id=UiAutomatorTestRunner

INSTRUMENTATION_STATUS: test=testTest

INSTRUMENTATION_STATUS: class=mytest.Test

INSTRUMENTATION_STATUS: current=1

INSTRUMENTATION_STATUS_CODE: 1

========567========

INSTRUMENTATION_STATUS: numtests=1

INSTRUMENTATION_STATUS: stream=.

INSTRUMENTATION_STATUS: id=UiAutomatorTestRunner

INSTRUMENTATION_STATUS: test=testTest

INSTRUMENTATION_STATUS: class=mytest.Test

INSTRUMENTATION_STATUS: current=1

INSTRUMENTATION_STATUS_CODE: 0

INSTRUMENTATION_STATUS: stream=

Test results for WatcherResultPrinter=.

Time: 0.075



OK (1 test)





INSTRUMENTATION_STATUS_CODE: -1

Updated file C:\Users\user\workspace\mytest\build.xml
Buildfile: C:\Users\user\workspace\mytest\build.xml

-check-env:
 [checkenv] Android SDK Tools Revision 25.2.2
 [checkenv] Installed at C:\Users\user\android-sdks

-build-setup:
[getbuildtools] Using latest Build Tools: 25.0.0
     [echo] Resolving Build Target for Demo...
[getuitarget] Project Target:   Android 7.1.1
[getuitarget] API level:        25
     [echo] ----------
     [echo] Creating output directories if needed...

-pre-compile:

compile:
    [javac] Compiling 1 source file to C:\Users\user\workspace\mytest\bin\classes
    [javac] ����: [options] Դֵ1.5�ѹ�ʱ, ����δ�����з��а���ɾ��
    [javac] ����: [options] Ŀ��ֵ1.5�ѹ�ʱ, ����δ�����з��а���ɾ��
    [javac] ����: [options] Ҫ�����й��ѹ�ʱѡ��ľ���, ��ʹ�� -Xlint:-options��
    [javac] 3 ������

-post-compile:

-dex:
      [dex] input: C:\Users\user\workspace\mytest\bin\classes
      [dex] Found Deleted Target File
      [dex] Converting compiled files and external libraries into C:\Users\user\workspace\mytest\bin\classes.dex...

-post-dex:

-jar:
      [jar] Building jar: C:\Users\user\workspace\mytest\bin\Demo.jar

-post-jar:

build:

BUILD SUCCESSFUL
Total time: 1 second
[100%] /data/local/tmp/Demo.jar
INSTRUMENTATION_STATUS: numtests=1

INSTRUMENTATION_STATUS: stream=

mytest.Test:

INSTRUMENTATION_STATUS: id=UiAutomatorTestRunner

INSTRUMENTATION_STATUS: test=testTest

INSTRUMENTATION_STATUS: class=mytest.Test

INSTRUMENTATION_STATUS: current=1

INSTRUMENTATION_STATUS_CODE: 1

========567========

INSTRUMENTATION_STATUS: numtests=1

INSTRUMENTATION_STATUS: stream=.

INSTRUMENTATION_STATUS: id=UiAutomatorTestRunner

INSTRUMENTATION_STATUS: test=testTest

INSTRUMENTATION_STATUS: class=mytest.Test

INSTRUMENTATION_STATUS: current=1

INSTRUMENTATION_STATUS_CODE: 0

INSTRUMENTATION_STATUS: stream=

Test results for WatcherResultPrinter=.

Time: 0.079



OK (1 test)





INSTRUMENTATION_STATUS_CODE: -1

545	当当当
